INFO  2015-01-28 00:04:14,660 [main] org.mule.module.launcher.domain.DefaultMuleDomain: 
++++++++++++++++++++++++++++++++++++++++++++++++++++++++++++
+ New domain 'default'                                     +
++++++++++++++++++++++++++++++++++++++++++++++++++++++++++++
INFO  2015-01-28 00:04:14,661 [main] org.mule.module.launcher.domain.DefaultMuleDomain: 
++++++++++++++++++++++++++++++++++++++++++++++++++++++++++++
+ Initializing domain 'default'                            +
++++++++++++++++++++++++++++++++++++++++++++++++++++++++++++
INFO  2015-01-28 00:06:48,769 [main] org.mule.module.launcher.domain.DefaultMuleDomain: 
++++++++++++++++++++++++++++++++++++++++++++++++++++++++++++
+ New domain 'default'                                     +
++++++++++++++++++++++++++++++++++++++++++++++++++++++++++++
INFO  2015-01-28 00:06:48,770 [main] org.mule.module.launcher.domain.DefaultMuleDomain: 
++++++++++++++++++++++++++++++++++++++++++++++++++++++++++++
+ Initializing domain 'default'                            +
++++++++++++++++++++++++++++++++++++++++++++++++++++++++++++
INFO  2015-01-28 00:07:17,710 [main] org.mule.module.launcher.domain.DefaultMuleDomain: 
++++++++++++++++++++++++++++++++++++++++++++++++++++++++++++
+ New domain 'default'                                     +
++++++++++++++++++++++++++++++++++++++++++++++++++++++++++++
INFO  2015-01-28 00:07:17,711 [main] org.mule.module.launcher.domain.DefaultMuleDomain: 
++++++++++++++++++++++++++++++++++++++++++++++++++++++++++++
+ Initializing domain 'default'                            +
++++++++++++++++++++++++++++++++++++++++++++++++++++++++++++
INFO  2015-01-28 00:09:24,759 [main] org.mule.module.launcher.domain.DefaultMuleDomain: 
++++++++++++++++++++++++++++++++++++++++++++++++++++++++++++
+ New domain 'default'                                     +
++++++++++++++++++++++++++++++++++++++++++++++++++++++++++++
INFO  2015-01-28 00:09:24,760 [main] org.mule.module.launcher.domain.DefaultMuleDomain: 
++++++++++++++++++++++++++++++++++++++++++++++++++++++++++++
+ Initializing domain 'default'                            +
++++++++++++++++++++++++++++++++++++++++++++++++++++++++++++
INFO  2015-01-28 00:09:36,127 [main] org.mule.module.launcher.domain.DefaultMuleDomain: 
++++++++++++++++++++++++++++++++++++++++++++++++++++++++++++
+ New domain 'default'                                     +
++++++++++++++++++++++++++++++++++++++++++++++++++++++++++++
INFO  2015-01-28 00:09:36,128 [main] org.mule.module.launcher.domain.DefaultMuleDomain: 
++++++++++++++++++++++++++++++++++++++++++++++++++++++++++++
+ Initializing domain 'default'                            +
++++++++++++++++++++++++++++++++++++++++++++++++++++++++++++
INFO  2015-01-28 00:10:28,621 [main] org.mule.module.launcher.domain.DefaultMuleDomain: 
++++++++++++++++++++++++++++++++++++++++++++++++++++++++++++
+ New domain 'default'                                     +
++++++++++++++++++++++++++++++++++++++++++++++++++++++++++++
INFO  2015-01-28 00:10:28,622 [main] org.mule.module.launcher.domain.DefaultMuleDomain: 
++++++++++++++++++++++++++++++++++++++++++++++++++++++++++++
+ Initializing domain 'default'                            +
++++++++++++++++++++++++++++++++++++++++++++++++++++++++++++
INFO  2015-01-28 00:14:58,457 [main] org.mule.module.launcher.domain.DefaultMuleDomain: 
++++++++++++++++++++++++++++++++++++++++++++++++++++++++++++
+ New domain 'default'                                     +
++++++++++++++++++++++++++++++++++++++++++++++++++++++++++++
INFO  2015-01-28 00:14:58,458 [main] org.mule.module.launcher.domain.DefaultMuleDomain: 
++++++++++++++++++++++++++++++++++++++++++++++++++++++++++++
+ Initializing domain 'default'                            +
++++++++++++++++++++++++++++++++++++++++++++++++++++++++++++
INFO  2015-01-28 00:16:28,446 [main] org.mule.module.launcher.domain.DefaultMuleDomain: 
++++++++++++++++++++++++++++++++++++++++++++++++++++++++++++
+ New domain 'default'                                     +
++++++++++++++++++++++++++++++++++++++++++++++++++++++++++++
INFO  2015-01-28 00:16:28,447 [main] org.mule.module.launcher.domain.DefaultMuleDomain: 
++++++++++++++++++++++++++++++++++++++++++++++++++++++++++++
+ Initializing domain 'default'                            +
++++++++++++++++++++++++++++++++++++++++++++++++++++++++++++
INFO  2015-01-28 00:16:45,811 [main] org.mule.module.launcher.domain.DefaultMuleDomain: 
++++++++++++++++++++++++++++++++++++++++++++++++++++++++++++
+ New domain 'default'                                     +
++++++++++++++++++++++++++++++++++++++++++++++++++++++++++++
INFO  2015-01-28 00:16:45,813 [main] org.mule.module.launcher.domain.DefaultMuleDomain: 
++++++++++++++++++++++++++++++++++++++++++++++++++++++++++++
+ Initializing domain 'default'                            +
++++++++++++++++++++++++++++++++++++++++++++++++++++++++++++
INFO  2015-01-28 00:17:27,974 [main] org.mule.module.launcher.domain.DefaultMuleDomain: 
++++++++++++++++++++++++++++++++++++++++++++++++++++++++++++
+ New domain 'default'                                     +
++++++++++++++++++++++++++++++++++++++++++++++++++++++++++++
INFO  2015-01-28 00:17:27,975 [main] org.mule.module.launcher.domain.DefaultMuleDomain: 
++++++++++++++++++++++++++++++++++++++++++++++++++++++++++++
+ Initializing domain 'default'                            +
++++++++++++++++++++++++++++++++++++++++++++++++++++++++++++
INFO  2015-01-28 00:17:47,218 [main] org.mule.module.launcher.domain.DefaultMuleDomain: 
++++++++++++++++++++++++++++++++++++++++++++++++++++++++++++
+ New domain 'default'                                     +
++++++++++++++++++++++++++++++++++++++++++++++++++++++++++++
INFO  2015-01-28 00:17:47,219 [main] org.mule.module.launcher.domain.DefaultMuleDomain: 
++++++++++++++++++++++++++++++++++++++++++++++++++++++++++++
+ Initializing domain 'default'                            +
++++++++++++++++++++++++++++++++++++++++++++++++++++++++++++
INFO  2015-01-28 00:18:26,978 [main] org.mule.module.launcher.domain.DefaultMuleDomain: 
++++++++++++++++++++++++++++++++++++++++++++++++++++++++++++
+ New domain 'default'                                     +
++++++++++++++++++++++++++++++++++++++++++++++++++++++++++++
INFO  2015-01-28 00:18:26,979 [main] org.mule.module.launcher.domain.DefaultMuleDomain: 
++++++++++++++++++++++++++++++++++++++++++++++++++++++++++++
+ Initializing domain 'default'                            +
++++++++++++++++++++++++++++++++++++++++++++++++++++++++++++
INFO  2015-01-28 00:19:18,383 [main] org.mule.module.launcher.domain.DefaultMuleDomain: 
++++++++++++++++++++++++++++++++++++++++++++++++++++++++++++
+ New domain 'default'                                     +
++++++++++++++++++++++++++++++++++++++++++++++++++++++++++++
INFO  2015-01-28 00:19:18,385 [main] org.mule.module.launcher.domain.DefaultMuleDomain: 
++++++++++++++++++++++++++++++++++++++++++++++++++++++++++++
+ Initializing domain 'default'                            +
++++++++++++++++++++++++++++++++++++++++++++++++++++++++++++
INFO  2015-01-28 00:19:53,437 [main] org.mule.module.launcher.domain.DefaultMuleDomain: 
++++++++++++++++++++++++++++++++++++++++++++++++++++++++++++
+ New domain 'default'                                     +
++++++++++++++++++++++++++++++++++++++++++++++++++++++++++++
INFO  2015-01-28 00:19:53,438 [main] org.mule.module.launcher.domain.DefaultMuleDomain: 
++++++++++++++++++++++++++++++++++++++++++++++++++++++++++++
+ Initializing domain 'default'                            +
++++++++++++++++++++++++++++++++++++++++++++++++++++++++++++
INFO  2015-01-28 00:23:36,097 [main] org.mule.module.launcher.domain.DefaultMuleDomain: 
++++++++++++++++++++++++++++++++++++++++++++++++++++++++++++
+ New domain 'default'                                     +
++++++++++++++++++++++++++++++++++++++++++++++++++++++++++++
INFO  2015-01-28 00:23:36,098 [main] org.mule.module.launcher.domain.DefaultMuleDomain: 
++++++++++++++++++++++++++++++++++++++++++++++++++++++++++++
+ Initializing domain 'default'                            +
++++++++++++++++++++++++++++++++++++++++++++++++++++++++++++
INFO  2015-01-28 00:24:03,750 [main] org.mule.module.launcher.domain.DefaultMuleDomain: 
++++++++++++++++++++++++++++++++++++++++++++++++++++++++++++
+ New domain 'default'                                     +
++++++++++++++++++++++++++++++++++++++++++++++++++++++++++++
INFO  2015-01-28 00:24:03,751 [main] org.mule.module.launcher.domain.DefaultMuleDomain: 
++++++++++++++++++++++++++++++++++++++++++++++++++++++++++++
+ Initializing domain 'default'                            +
++++++++++++++++++++++++++++++++++++++++++++++++++++++++++++
INFO  2015-01-28 00:25:10,517 [main] org.mule.module.launcher.domain.DefaultMuleDomain: 
++++++++++++++++++++++++++++++++++++++++++++++++++++++++++++
+ New domain 'default'                                     +
++++++++++++++++++++++++++++++++++++++++++++++++++++++++++++
INFO  2015-01-28 00:25:10,518 [main] org.mule.module.launcher.domain.DefaultMuleDomain: 
++++++++++++++++++++++++++++++++++++++++++++++++++++++++++++
+ Initializing domain 'default'                            +
++++++++++++++++++++++++++++++++++++++++++++++++++++++++++++
INFO  2015-01-28 00:26:34,507 [main] org.mule.module.launcher.domain.DefaultMuleDomain: 
++++++++++++++++++++++++++++++++++++++++++++++++++++++++++++
+ New domain 'default'                                     +
++++++++++++++++++++++++++++++++++++++++++++++++++++++++++++
INFO  2015-01-28 00:26:34,508 [main] org.mule.module.launcher.domain.DefaultMuleDomain: 
++++++++++++++++++++++++++++++++++++++++++++++++++++++++++++
+ Initializing domain 'default'                            +
++++++++++++++++++++++++++++++++++++++++++++++++++++++++++++
INFO  2015-01-28 00:28:06,924 [main] org.mule.module.launcher.domain.DefaultMuleDomain: 
++++++++++++++++++++++++++++++++++++++++++++++++++++++++++++
+ New domain 'default'                                     +
++++++++++++++++++++++++++++++++++++++++++++++++++++++++++++
INFO  2015-01-28 00:28:06,925 [main] org.mule.module.launcher.domain.DefaultMuleDomain: 
++++++++++++++++++++++++++++++++++++++++++++++++++++++++++++
+ Initializing domain 'default'                            +
++++++++++++++++++++++++++++++++++++++++++++++++++++++++++++
INFO  2015-01-28 00:28:59,381 [main] org.mule.module.launcher.domain.DefaultMuleDomain: 
++++++++++++++++++++++++++++++++++++++++++++++++++++++++++++
+ New domain 'default'                                     +
++++++++++++++++++++++++++++++++++++++++++++++++++++++++++++
INFO  2015-01-28 00:28:59,382 [main] org.mule.module.launcher.domain.DefaultMuleDomain: 
++++++++++++++++++++++++++++++++++++++++++++++++++++++++++++
+ Initializing domain 'default'                            +
++++++++++++++++++++++++++++++++++++++++++++++++++++++++++++
INFO  2015-01-28 00:30:53,256 [main] org.mule.module.launcher.domain.DefaultMuleDomain: 
++++++++++++++++++++++++++++++++++++++++++++++++++++++++++++
+ New domain 'default'                                     +
++++++++++++++++++++++++++++++++++++++++++++++++++++++++++++
INFO  2015-01-28 00:30:53,257 [main] org.mule.module.launcher.domain.DefaultMuleDomain: 
++++++++++++++++++++++++++++++++++++++++++++++++++++++++++++
+ Initializing domain 'default'                            +
++++++++++++++++++++++++++++++++++++++++++++++++++++++++++++
INFO  2015-01-28 00:31:36,132 [main] org.mule.module.launcher.domain.DefaultMuleDomain: 
++++++++++++++++++++++++++++++++++++++++++++++++++++++++++++
+ New domain 'default'                                     +
++++++++++++++++++++++++++++++++++++++++++++++++++++++++++++
INFO  2015-01-28 00:31:36,134 [main] org.mule.module.launcher.domain.DefaultMuleDomain: 
++++++++++++++++++++++++++++++++++++++++++++++++++++++++++++
+ Initializing domain 'default'                            +
++++++++++++++++++++++++++++++++++++++++++++++++++++++++++++
INFO  2015-01-28 00:31:53,132 [main] org.mule.module.launcher.domain.DefaultMuleDomain: 
++++++++++++++++++++++++++++++++++++++++++++++++++++++++++++
+ New domain 'default'                                     +
++++++++++++++++++++++++++++++++++++++++++++++++++++++++++++
INFO  2015-01-28 00:31:53,133 [main] org.mule.module.launcher.domain.DefaultMuleDomain: 
++++++++++++++++++++++++++++++++++++++++++++++++++++++++++++
+ Initializing domain 'default'                            +
++++++++++++++++++++++++++++++++++++++++++++++++++++++++++++
INFO  2015-01-28 00:32:04,774 [main] org.mule.module.launcher.domain.DefaultMuleDomain: 
++++++++++++++++++++++++++++++++++++++++++++++++++++++++++++
+ New domain 'default'                                     +
++++++++++++++++++++++++++++++++++++++++++++++++++++++++++++
INFO  2015-01-28 00:32:04,775 [main] org.mule.module.launcher.domain.DefaultMuleDomain: 
++++++++++++++++++++++++++++++++++++++++++++++++++++++++++++
+ Initializing domain 'default'                            +
++++++++++++++++++++++++++++++++++++++++++++++++++++++++++++
INFO  2015-01-28 00:32:16,501 [main] org.mule.module.launcher.domain.DefaultMuleDomain: 
++++++++++++++++++++++++++++++++++++++++++++++++++++++++++++
+ New domain 'default'                                     +
++++++++++++++++++++++++++++++++++++++++++++++++++++++++++++
INFO  2015-01-28 00:32:16,503 [main] org.mule.module.launcher.domain.DefaultMuleDomain: 
++++++++++++++++++++++++++++++++++++++++++++++++++++++++++++
+ Initializing domain 'default'                            +
++++++++++++++++++++++++++++++++++++++++++++++++++++++++++++
INFO  2015-01-28 00:32:25,696 [main] org.mule.module.launcher.domain.DefaultMuleDomain: 
++++++++++++++++++++++++++++++++++++++++++++++++++++++++++++
+ New domain 'default'                                     +
++++++++++++++++++++++++++++++++++++++++++++++++++++++++++++
INFO  2015-01-28 00:32:25,697 [main] org.mule.module.launcher.domain.DefaultMuleDomain: 
++++++++++++++++++++++++++++++++++++++++++++++++++++++++++++
+ Initializing domain 'default'                            +
++++++++++++++++++++++++++++++++++++++++++++++++++++++++++++
INFO  2015-01-28 00:33:26,549 [main] org.mule.module.launcher.domain.DefaultMuleDomain: 
++++++++++++++++++++++++++++++++++++++++++++++++++++++++++++
+ New domain 'default'                                     +
++++++++++++++++++++++++++++++++++++++++++++++++++++++++++++
INFO  2015-01-28 00:33:26,549 [main] org.mule.module.launcher.domain.DefaultMuleDomain: 
++++++++++++++++++++++++++++++++++++++++++++++++++++++++++++
+ Initializing domain 'default'                            +
++++++++++++++++++++++++++++++++++++++++++++++++++++++++++++
INFO  2015-01-28 00:33:40,902 [main] org.mule.module.launcher.domain.DefaultMuleDomain: 
++++++++++++++++++++++++++++++++++++++++++++++++++++++++++++
+ New domain 'default'                                     +
++++++++++++++++++++++++++++++++++++++++++++++++++++++++++++
INFO  2015-01-28 00:33:40,904 [main] org.mule.module.launcher.domain.DefaultMuleDomain: 
++++++++++++++++++++++++++++++++++++++++++++++++++++++++++++
+ Initializing domain 'default'                            +
++++++++++++++++++++++++++++++++++++++++++++++++++++++++++++
INFO  2015-01-28 00:35:00,033 [main] org.mule.module.launcher.domain.DefaultMuleDomain: 
++++++++++++++++++++++++++++++++++++++++++++++++++++++++++++
+ New domain 'default'                                     +
++++++++++++++++++++++++++++++++++++++++++++++++++++++++++++
INFO  2015-01-28 00:35:00,034 [main] org.mule.module.launcher.domain.DefaultMuleDomain: 
++++++++++++++++++++++++++++++++++++++++++++++++++++++++++++
+ Initializing domain 'default'                            +
++++++++++++++++++++++++++++++++++++++++++++++++++++++++++++
INFO  2015-01-28 00:35:07,344 [main] org.mule.module.launcher.domain.DefaultMuleDomain: 
++++++++++++++++++++++++++++++++++++++++++++++++++++++++++++
+ New domain 'default'                                     +
++++++++++++++++++++++++++++++++++++++++++++++++++++++++++++
INFO  2015-01-28 00:35:07,345 [main] org.mule.module.launcher.domain.DefaultMuleDomain: 
++++++++++++++++++++++++++++++++++++++++++++++++++++++++++++
+ Initializing domain 'default'                            +
++++++++++++++++++++++++++++++++++++++++++++++++++++++++++++
INFO  2015-01-28 00:36:14,394 [main] org.mule.module.launcher.domain.DefaultMuleDomain: 
++++++++++++++++++++++++++++++++++++++++++++++++++++++++++++
+ New domain 'default'                                     +
++++++++++++++++++++++++++++++++++++++++++++++++++++++++++++
INFO  2015-01-28 00:36:14,395 [main] org.mule.module.launcher.domain.DefaultMuleDomain: 
++++++++++++++++++++++++++++++++++++++++++++++++++++++++++++
+ Initializing domain 'default'                            +
++++++++++++++++++++++++++++++++++++++++++++++++++++++++++++
INFO  2015-01-28 00:36:53,962 [main] org.mule.module.launcher.domain.DefaultMuleDomain: 
++++++++++++++++++++++++++++++++++++++++++++++++++++++++++++
+ New domain 'default'                                     +
++++++++++++++++++++++++++++++++++++++++++++++++++++++++++++
INFO  2015-01-28 00:36:53,963 [main] org.mule.module.launcher.domain.DefaultMuleDomain: 
++++++++++++++++++++++++++++++++++++++++++++++++++++++++++++
+ Initializing domain 'default'                            +
++++++++++++++++++++++++++++++++++++++++++++++++++++++++++++
INFO  2015-01-28 00:38:37,106 [main] org.mule.module.launcher.domain.DefaultMuleDomain: 
++++++++++++++++++++++++++++++++++++++++++++++++++++++++++++
+ New domain 'default'                                     +
++++++++++++++++++++++++++++++++++++++++++++++++++++++++++++
INFO  2015-01-28 00:38:37,107 [main] org.mule.module.launcher.domain.DefaultMuleDomain: 
++++++++++++++++++++++++++++++++++++++++++++++++++++++++++++
+ Initializing domain 'default'                            +
++++++++++++++++++++++++++++++++++++++++++++++++++++++++++++
INFO  2015-01-28 00:38:42,861 [main] org.mule.module.launcher.domain.DefaultMuleDomain: 
++++++++++++++++++++++++++++++++++++++++++++++++++++++++++++
+ New domain 'default'                                     +
++++++++++++++++++++++++++++++++++++++++++++++++++++++++++++
INFO  2015-01-28 00:38:42,862 [main] org.mule.module.launcher.domain.DefaultMuleDomain: 
++++++++++++++++++++++++++++++++++++++++++++++++++++++++++++
+ Initializing domain 'default'                            +
++++++++++++++++++++++++++++++++++++++++++++++++++++++++++++
INFO  2015-01-28 00:41:21,946 [main] org.mule.module.launcher.domain.DefaultMuleDomain: 
++++++++++++++++++++++++++++++++++++++++++++++++++++++++++++
+ New domain 'default'                                     +
++++++++++++++++++++++++++++++++++++++++++++++++++++++++++++
INFO  2015-01-28 00:41:21,947 [main] org.mule.module.launcher.domain.DefaultMuleDomain: 
++++++++++++++++++++++++++++++++++++++++++++++++++++++++++++
+ Initializing domain 'default'                            +
++++++++++++++++++++++++++++++++++++++++++++++++++++++++++++
INFO  2015-01-28 00:41:34,143 [main] org.mule.module.launcher.domain.DefaultMuleDomain: 
++++++++++++++++++++++++++++++++++++++++++++++++++++++++++++
+ New domain 'default'                                     +
++++++++++++++++++++++++++++++++++++++++++++++++++++++++++++
INFO  2015-01-28 00:41:34,144 [main] org.mule.module.launcher.domain.DefaultMuleDomain: 
++++++++++++++++++++++++++++++++++++++++++++++++++++++++++++
+ Initializing domain 'default'                            +
++++++++++++++++++++++++++++++++++++++++++++++++++++++++++++
INFO  2015-01-28 00:49:46,710 [main] org.mule.module.launcher.domain.DefaultMuleDomain: 
++++++++++++++++++++++++++++++++++++++++++++++++++++++++++++
+ New domain 'default'                                     +
++++++++++++++++++++++++++++++++++++++++++++++++++++++++++++
INFO  2015-01-28 00:49:46,711 [main] org.mule.module.launcher.domain.DefaultMuleDomain: 
++++++++++++++++++++++++++++++++++++++++++++++++++++++++++++
+ Initializing domain 'default'                            +
++++++++++++++++++++++++++++++++++++++++++++++++++++++++++++
INFO  2015-01-28 00:50:55,442 [main] org.mule.module.launcher.domain.DefaultMuleDomain: 
++++++++++++++++++++++++++++++++++++++++++++++++++++++++++++
+ New domain 'default'                                     +
++++++++++++++++++++++++++++++++++++++++++++++++++++++++++++
INFO  2015-01-28 00:50:55,443 [main] org.mule.module.launcher.domain.DefaultMuleDomain: 
++++++++++++++++++++++++++++++++++++++++++++++++++++++++++++
+ Initializing domain 'default'                            +
++++++++++++++++++++++++++++++++++++++++++++++++++++++++++++
INFO  2015-01-28 00:51:16,223 [main] org.mule.module.launcher.domain.DefaultMuleDomain: 
++++++++++++++++++++++++++++++++++++++++++++++++++++++++++++
+ New domain 'default'                                     +
++++++++++++++++++++++++++++++++++++++++++++++++++++++++++++
INFO  2015-01-28 00:51:16,224 [main] org.mule.module.launcher.domain.DefaultMuleDomain: 
++++++++++++++++++++++++++++++++++++++++++++++++++++++++++++
+ Initializing domain 'default'                            +
++++++++++++++++++++++++++++++++++++++++++++++++++++++++++++
INFO  2015-01-28 00:54:06,521 [main] org.mule.module.launcher.domain.DefaultMuleDomain: 
++++++++++++++++++++++++++++++++++++++++++++++++++++++++++++
+ New domain 'default'                                     +
++++++++++++++++++++++++++++++++++++++++++++++++++++++++++++
INFO  2015-01-28 00:54:06,522 [main] org.mule.module.launcher.domain.DefaultMuleDomain: 
++++++++++++++++++++++++++++++++++++++++++++++++++++++++++++
+ Initializing domain 'default'                            +
++++++++++++++++++++++++++++++++++++++++++++++++++++++++++++
INFO  2015-01-28 00:54:13,685 [main] org.mule.module.launcher.domain.DefaultMuleDomain: 
++++++++++++++++++++++++++++++++++++++++++++++++++++++++++++
+ New domain 'default'                                     +
++++++++++++++++++++++++++++++++++++++++++++++++++++++++++++
INFO  2015-01-28 00:54:13,686 [main] org.mule.module.launcher.domain.DefaultMuleDomain: 
++++++++++++++++++++++++++++++++++++++++++++++++++++++++++++
+ Initializing domain 'default'                            +
++++++++++++++++++++++++++++++++++++++++++++++++++++++++++++
INFO  2015-01-28 01:00:32,342 [main] org.mule.module.launcher.domain.DefaultMuleDomain: 
++++++++++++++++++++++++++++++++++++++++++++++++++++++++++++
+ New domain 'default'                                     +
++++++++++++++++++++++++++++++++++++++++++++++++++++++++++++
INFO  2015-01-28 01:00:32,343 [main] org.mule.module.launcher.domain.DefaultMuleDomain: 
++++++++++++++++++++++++++++++++++++++++++++++++++++++++++++
+ Initializing domain 'default'                            +
++++++++++++++++++++++++++++++++++++++++++++++++++++++++++++
INFO  2015-01-28 01:01:05,766 [main] org.mule.module.launcher.domain.DefaultMuleDomain: 
++++++++++++++++++++++++++++++++++++++++++++++++++++++++++++
+ New domain 'default'                                     +
++++++++++++++++++++++++++++++++++++++++++++++++++++++++++++
INFO  2015-01-28 01:01:05,767 [main] org.mule.module.launcher.domain.DefaultMuleDomain: 
++++++++++++++++++++++++++++++++++++++++++++++++++++++++++++
+ Initializing domain 'default'                            +
++++++++++++++++++++++++++++++++++++++++++++++++++++++++++++
INFO  2015-01-28 01:02:54,229 [main] org.mule.module.launcher.domain.DefaultMuleDomain: 
++++++++++++++++++++++++++++++++++++++++++++++++++++++++++++
+ New domain 'default'                                     +
++++++++++++++++++++++++++++++++++++++++++++++++++++++++++++
INFO  2015-01-28 01:02:54,230 [main] org.mule.module.launcher.domain.DefaultMuleDomain: 
++++++++++++++++++++++++++++++++++++++++++++++++++++++++++++
+ Initializing domain 'default'                            +
++++++++++++++++++++++++++++++++++++++++++++++++++++++++++++
INFO  2015-01-28 01:03:25,907 [main] org.mule.module.launcher.domain.DefaultMuleDomain: 
++++++++++++++++++++++++++++++++++++++++++++++++++++++++++++
+ New domain 'default'                                     +
++++++++++++++++++++++++++++++++++++++++++++++++++++++++++++
INFO  2015-01-28 01:03:25,908 [main] org.mule.module.launcher.domain.DefaultMuleDomain: 
++++++++++++++++++++++++++++++++++++++++++++++++++++++++++++
+ Initializing domain 'default'                            +
++++++++++++++++++++++++++++++++++++++++++++++++++++++++++++
INFO  2015-01-28 01:08:29,446 [main] org.mule.module.launcher.domain.DefaultMuleDomain: 
++++++++++++++++++++++++++++++++++++++++++++++++++++++++++++
+ New domain 'default'                                     +
++++++++++++++++++++++++++++++++++++++++++++++++++++++++++++
INFO  2015-01-28 01:08:29,447 [main] org.mule.module.launcher.domain.DefaultMuleDomain: 
++++++++++++++++++++++++++++++++++++++++++++++++++++++++++++
+ Initializing domain 'default'                            +
++++++++++++++++++++++++++++++++++++++++++++++++++++++++++++
INFO  2015-01-28 01:11:48,759 [main] org.mule.module.launcher.domain.DefaultMuleDomain: 
++++++++++++++++++++++++++++++++++++++++++++++++++++++++++++
+ New domain 'default'                                     +
++++++++++++++++++++++++++++++++++++++++++++++++++++++++++++
INFO  2015-01-28 01:11:48,760 [main] org.mule.module.launcher.domain.DefaultMuleDomain: 
++++++++++++++++++++++++++++++++++++++++++++++++++++++++++++
+ Initializing domain 'default'                            +
++++++++++++++++++++++++++++++++++++++++++++++++++++++++++++
INFO  2015-01-28 01:16:50,177 [main] org.mule.module.launcher.domain.DefaultMuleDomain: 
++++++++++++++++++++++++++++++++++++++++++++++++++++++++++++
+ New domain 'default'                                     +
++++++++++++++++++++++++++++++++++++++++++++++++++++++++++++
INFO  2015-01-28 01:16:50,178 [main] org.mule.module.launcher.domain.DefaultMuleDomain: 
++++++++++++++++++++++++++++++++++++++++++++++++++++++++++++
+ Initializing domain 'default'                            +
++++++++++++++++++++++++++++++++++++++++++++++++++++++++++++
INFO  2015-01-28 01:17:51,019 [main] org.mule.module.launcher.domain.DefaultMuleDomain: 
++++++++++++++++++++++++++++++++++++++++++++++++++++++++++++
+ New domain 'default'                                     +
++++++++++++++++++++++++++++++++++++++++++++++++++++++++++++
INFO  2015-01-28 01:17:51,020 [main] org.mule.module.launcher.domain.DefaultMuleDomain: 
++++++++++++++++++++++++++++++++++++++++++++++++++++++++++++
+ Initializing domain 'default'                            +
++++++++++++++++++++++++++++++++++++++++++++++++++++++++++++
INFO  2015-01-28 01:20:56,731 [main] org.mule.module.launcher.domain.DefaultMuleDomain: 
++++++++++++++++++++++++++++++++++++++++++++++++++++++++++++
+ New domain 'default'                                     +
++++++++++++++++++++++++++++++++++++++++++++++++++++++++++++
INFO  2015-01-28 01:20:56,732 [main] org.mule.module.launcher.domain.DefaultMuleDomain: 
++++++++++++++++++++++++++++++++++++++++++++++++++++++++++++
+ Initializing domain 'default'                            +
++++++++++++++++++++++++++++++++++++++++++++++++++++++++++++
INFO  2015-01-28 01:21:41,322 [main] org.mule.module.launcher.domain.DefaultMuleDomain: 
++++++++++++++++++++++++++++++++++++++++++++++++++++++++++++
+ New domain 'default'                                     +
++++++++++++++++++++++++++++++++++++++++++++++++++++++++++++
INFO  2015-01-28 01:21:41,323 [main] org.mule.module.launcher.domain.DefaultMuleDomain: 
++++++++++++++++++++++++++++++++++++++++++++++++++++++++++++
+ Initializing domain 'default'                            +
++++++++++++++++++++++++++++++++++++++++++++++++++++++++++++
INFO  2015-01-28 01:23:16,739 [main] org.mule.module.launcher.domain.DefaultMuleDomain: 
++++++++++++++++++++++++++++++++++++++++++++++++++++++++++++
+ New domain 'default'                                     +
++++++++++++++++++++++++++++++++++++++++++++++++++++++++++++
INFO  2015-01-28 01:23:16,740 [main] org.mule.module.launcher.domain.DefaultMuleDomain: 
++++++++++++++++++++++++++++++++++++++++++++++++++++++++++++
+ Initializing domain 'default'                            +
++++++++++++++++++++++++++++++++++++++++++++++++++++++++++++
INFO  2015-01-28 01:23:44,921 [main] org.mule.module.launcher.domain.DefaultMuleDomain: 
++++++++++++++++++++++++++++++++++++++++++++++++++++++++++++
+ New domain 'default'                                     +
++++++++++++++++++++++++++++++++++++++++++++++++++++++++++++
INFO  2015-01-28 01:23:44,921 [main] org.mule.module.launcher.domain.DefaultMuleDomain: 
++++++++++++++++++++++++++++++++++++++++++++++++++++++++++++
+ Initializing domain 'default'                            +
++++++++++++++++++++++++++++++++++++++++++++++++++++++++++++
INFO  2015-01-28 01:38:58,899 [main] org.mule.module.launcher.domain.DefaultMuleDomain: 
++++++++++++++++++++++++++++++++++++++++++++++++++++++++++++
+ New domain 'default'                                     +
++++++++++++++++++++++++++++++++++++++++++++++++++++++++++++
INFO  2015-01-28 01:38:58,900 [main] org.mule.module.launcher.domain.DefaultMuleDomain: 
++++++++++++++++++++++++++++++++++++++++++++++++++++++++++++
+ Initializing domain 'default'                            +
++++++++++++++++++++++++++++++++++++++++++++++++++++++++++++
INFO  2015-01-28 01:39:07,903 [main] org.mule.module.launcher.domain.DefaultMuleDomain: 
++++++++++++++++++++++++++++++++++++++++++++++++++++++++++++
+ New domain 'default'                                     +
++++++++++++++++++++++++++++++++++++++++++++++++++++++++++++
INFO  2015-01-28 01:39:07,904 [main] org.mule.module.launcher.domain.DefaultMuleDomain: 
++++++++++++++++++++++++++++++++++++++++++++++++++++++++++++
+ Initializing domain 'default'                            +
++++++++++++++++++++++++++++++++++++++++++++++++++++++++++++
INFO  2015-01-28 01:42:56,575 [main] org.mule.module.launcher.domain.DefaultMuleDomain: 
++++++++++++++++++++++++++++++++++++++++++++++++++++++++++++
+ New domain 'default'                                     +
++++++++++++++++++++++++++++++++++++++++++++++++++++++++++++
INFO  2015-01-28 01:42:56,576 [main] org.mule.module.launcher.domain.DefaultMuleDomain: 
++++++++++++++++++++++++++++++++++++++++++++++++++++++++++++
+ Initializing domain 'default'                            +
++++++++++++++++++++++++++++++++++++++++++++++++++++++++++++
INFO  2015-01-28 01:45:44,984 [main] org.mule.module.launcher.domain.DefaultMuleDomain: 
++++++++++++++++++++++++++++++++++++++++++++++++++++++++++++
+ New domain 'default'                                     +
++++++++++++++++++++++++++++++++++++++++++++++++++++++++++++
INFO  2015-01-28 01:45:44,985 [main] org.mule.module.launcher.domain.DefaultMuleDomain: 
++++++++++++++++++++++++++++++++++++++++++++++++++++++++++++
+ Initializing domain 'default'                            +
++++++++++++++++++++++++++++++++++++++++++++++++++++++++++++
INFO  2015-01-28 01:49:02,800 [main] org.mule.module.launcher.domain.DefaultMuleDomain: 
++++++++++++++++++++++++++++++++++++++++++++++++++++++++++++
+ New domain 'default'                                     +
++++++++++++++++++++++++++++++++++++++++++++++++++++++++++++
INFO  2015-01-28 01:49:02,801 [main] org.mule.module.launcher.domain.DefaultMuleDomain: 
++++++++++++++++++++++++++++++++++++++++++++++++++++++++++++
+ Initializing domain 'default'                            +
++++++++++++++++++++++++++++++++++++++++++++++++++++++++++++
INFO  2015-01-28 01:50:25,581 [main] org.mule.module.launcher.domain.DefaultMuleDomain: 
++++++++++++++++++++++++++++++++++++++++++++++++++++++++++++
+ New domain 'default'                                     +
++++++++++++++++++++++++++++++++++++++++++++++++++++++++++++
INFO  2015-01-28 01:50:25,582 [main] org.mule.module.launcher.domain.DefaultMuleDomain: 
++++++++++++++++++++++++++++++++++++++++++++++++++++++++++++
+ Initializing domain 'default'                            +
++++++++++++++++++++++++++++++++++++++++++++++++++++++++++++
INFO  2015-01-28 01:50:41,780 [main] org.mule.module.launcher.domain.DefaultMuleDomain: 
++++++++++++++++++++++++++++++++++++++++++++++++++++++++++++
+ New domain 'default'                                     +
++++++++++++++++++++++++++++++++++++++++++++++++++++++++++++
INFO  2015-01-28 01:50:41,782 [main] org.mule.module.launcher.domain.DefaultMuleDomain: 
++++++++++++++++++++++++++++++++++++++++++++++++++++++++++++
+ Initializing domain 'default'                            +
++++++++++++++++++++++++++++++++++++++++++++++++++++++++++++
INFO  2015-01-28 01:51:49,444 [main] org.mule.module.launcher.domain.DefaultMuleDomain: 
++++++++++++++++++++++++++++++++++++++++++++++++++++++++++++
+ New domain 'default'                                     +
++++++++++++++++++++++++++++++++++++++++++++++++++++++++++++
INFO  2015-01-28 01:51:49,445 [main] org.mule.module.launcher.domain.DefaultMuleDomain: 
++++++++++++++++++++++++++++++++++++++++++++++++++++++++++++
+ Initializing domain 'default'                            +
++++++++++++++++++++++++++++++++++++++++++++++++++++++++++++
INFO  2015-01-28 01:53:06,738 [main] org.mule.module.launcher.domain.DefaultMuleDomain: 
++++++++++++++++++++++++++++++++++++++++++++++++++++++++++++
+ New domain 'default'                                     +
++++++++++++++++++++++++++++++++++++++++++++++++++++++++++++
INFO  2015-01-28 01:53:06,739 [main] org.mule.module.launcher.domain.DefaultMuleDomain: 
++++++++++++++++++++++++++++++++++++++++++++++++++++++++++++
+ Initializing domain 'default'                            +
++++++++++++++++++++++++++++++++++++++++++++++++++++++++++++
INFO  2015-01-28 01:53:53,636 [main] org.mule.module.launcher.domain.DefaultMuleDomain: 
++++++++++++++++++++++++++++++++++++++++++++++++++++++++++++
+ New domain 'default'                                     +
++++++++++++++++++++++++++++++++++++++++++++++++++++++++++++
INFO  2015-01-28 01:53:53,637 [main] org.mule.module.launcher.domain.DefaultMuleDomain: 
++++++++++++++++++++++++++++++++++++++++++++++++++++++++++++
+ Initializing domain 'default'                            +
++++++++++++++++++++++++++++++++++++++++++++++++++++++++++++
INFO  2015-01-28 01:53:58,477 [Mule.app.deployer.monitor.1.thread.1] org.mule.module.launcher.domain.DefaultMuleDomain: 
++++++++++++++++++++++++++++++++++++++++++++++++++++++++++++
+ Stopping domain 'default'                                +
++++++++++++++++++++++++++++++++++++++++++++++++++++++++++++
INFO  2015-01-28 01:54:58,755 [Mule.app.deployer.monitor.1.thread.1] org.mule.module.launcher.domain.DefaultMuleDomain: 
++++++++++++++++++++++++++++++++++++++++++++++++++++++++++++
+ New domain 'default'                                     +
++++++++++++++++++++++++++++++++++++++++++++++++++++++++++++
INFO  2015-01-28 01:54:58,755 [Mule.app.deployer.monitor.1.thread.1] org.mule.module.launcher.domain.DefaultMuleDomain: 
++++++++++++++++++++++++++++++++++++++++++++++++++++++++++++
+ Initializing domain 'default'                            +
++++++++++++++++++++++++++++++++++++++++++++++++++++++++++++
INFO  2015-01-28 01:55:00,356 [main] org.mule.module.launcher.domain.DefaultMuleDomain: 
++++++++++++++++++++++++++++++++++++++++++++++++++++++++++++
+ New domain 'default'                                     +
++++++++++++++++++++++++++++++++++++++++++++++++++++++++++++
INFO  2015-01-28 01:55:00,357 [main] org.mule.module.launcher.domain.DefaultMuleDomain: 
++++++++++++++++++++++++++++++++++++++++++++++++++++++++++++
+ Initializing domain 'default'                            +
++++++++++++++++++++++++++++++++++++++++++++++++++++++++++++
INFO  2015-01-28 01:55:44,166 [main] org.mule.module.launcher.domain.DefaultMuleDomain: 
++++++++++++++++++++++++++++++++++++++++++++++++++++++++++++
+ New domain 'default'                                     +
++++++++++++++++++++++++++++++++++++++++++++++++++++++++++++
INFO  2015-01-28 01:55:44,167 [main] org.mule.module.launcher.domain.DefaultMuleDomain: 
++++++++++++++++++++++++++++++++++++++++++++++++++++++++++++
+ Initializing domain 'default'                            +
++++++++++++++++++++++++++++++++++++++++++++++++++++++++++++
INFO  2015-01-28 02:00:10,396 [Mule.app.deployer.monitor.1.thread.1] org.mule.module.launcher.domain.DefaultMuleDomain: 
++++++++++++++++++++++++++++++++++++++++++++++++++++++++++++
+ Stopping domain 'default'                                +
++++++++++++++++++++++++++++++++++++++++++++++++++++++++++++
INFO  2015-01-28 02:00:10,478 [main] org.mule.module.launcher.domain.DefaultMuleDomain: 
++++++++++++++++++++++++++++++++++++++++++++++++++++++++++++
+ New domain 'default'                                     +
++++++++++++++++++++++++++++++++++++++++++++++++++++++++++++
INFO  2015-01-28 02:00:10,479 [main] org.mule.module.launcher.domain.DefaultMuleDomain: 
++++++++++++++++++++++++++++++++++++++++++++++++++++++++++++
+ Initializing domain 'default'                            +
++++++++++++++++++++++++++++++++++++++++++++++++++++++++++++
INFO  2015-01-28 02:00:57,259 [Mule.app.deployer.monitor.1.thread.1] org.mule.module.launcher.domain.DefaultMuleDomain: 
++++++++++++++++++++++++++++++++++++++++++++++++++++++++++++
+ New domain 'default'                                     +
++++++++++++++++++++++++++++++++++++++++++++++++++++++++++++
INFO  2015-01-28 02:00:57,259 [Mule.app.deployer.monitor.1.thread.1] org.mule.module.launcher.domain.DefaultMuleDomain: 
++++++++++++++++++++++++++++++++++++++++++++++++++++++++++++
+ Initializing domain 'default'                            +
++++++++++++++++++++++++++++++++++++++++++++++++++++++++++++
INFO  2015-01-28 02:00:58,724 [main] org.mule.module.launcher.domain.DefaultMuleDomain: 
++++++++++++++++++++++++++++++++++++++++++++++++++++++++++++
+ New domain 'default'                                     +
++++++++++++++++++++++++++++++++++++++++++++++++++++++++++++
INFO  2015-01-28 02:00:58,726 [main] org.mule.module.launcher.domain.DefaultMuleDomain: 
++++++++++++++++++++++++++++++++++++++++++++++++++++++++++++
+ Initializing domain 'default'                            +
++++++++++++++++++++++++++++++++++++++++++++++++++++++++++++
INFO  2015-01-28 02:01:26,484 [main] org.mule.module.launcher.domain.DefaultMuleDomain: 
++++++++++++++++++++++++++++++++++++++++++++++++++++++++++++
+ New domain 'default'                                     +
++++++++++++++++++++++++++++++++++++++++++++++++++++++++++++
INFO  2015-01-28 02:01:26,485 [main] org.mule.module.launcher.domain.DefaultMuleDomain: 
++++++++++++++++++++++++++++++++++++++++++++++++++++++++++++
+ Initializing domain 'default'                            +
++++++++++++++++++++++++++++++++++++++++++++++++++++++++++++
INFO  2015-01-28 02:02:57,155 [Mule.app.deployer.monitor.1.thread.1] org.mule.module.launcher.domain.DefaultMuleDomain: 
++++++++++++++++++++++++++++++++++++++++++++++++++++++++++++
+ New domain 'default'                                     +
++++++++++++++++++++++++++++++++++++++++++++++++++++++++++++
INFO  2015-01-28 02:02:57,156 [Mule.app.deployer.monitor.1.thread.1] org.mule.module.launcher.domain.DefaultMuleDomain: 
++++++++++++++++++++++++++++++++++++++++++++++++++++++++++++
+ Initializing domain 'default'                            +
++++++++++++++++++++++++++++++++++++++++++++++++++++++++++++
INFO  2015-01-28 02:02:58,195 [main] org.mule.module.launcher.domain.DefaultMuleDomain: 
++++++++++++++++++++++++++++++++++++++++++++++++++++++++++++
+ New domain 'default'                                     +
++++++++++++++++++++++++++++++++++++++++++++++++++++++++++++
INFO  2015-01-28 02:02:58,196 [main] org.mule.module.launcher.domain.DefaultMuleDomain: 
++++++++++++++++++++++++++++++++++++++++++++++++++++++++++++
+ Initializing domain 'default'                            +
++++++++++++++++++++++++++++++++++++++++++++++++++++++++++++
INFO  2015-01-28 02:03:10,580 [main] org.mule.module.launcher.domain.DefaultMuleDomain: 
++++++++++++++++++++++++++++++++++++++++++++++++++++++++++++
+ New domain 'default'                                     +
++++++++++++++++++++++++++++++++++++++++++++++++++++++++++++
INFO  2015-01-28 02:03:10,581 [main] org.mule.module.launcher.domain.DefaultMuleDomain: 
++++++++++++++++++++++++++++++++++++++++++++++++++++++++++++
+ Initializing domain 'default'                            +
++++++++++++++++++++++++++++++++++++++++++++++++++++++++++++
INFO  2015-01-28 02:03:51,052 [main] org.mule.module.launcher.domain.DefaultMuleDomain: 
++++++++++++++++++++++++++++++++++++++++++++++++++++++++++++
+ New domain 'default'                                     +
++++++++++++++++++++++++++++++++++++++++++++++++++++++++++++
INFO  2015-01-28 02:03:51,053 [main] org.mule.module.launcher.domain.DefaultMuleDomain: 
++++++++++++++++++++++++++++++++++++++++++++++++++++++++++++
+ Initializing domain 'default'                            +
++++++++++++++++++++++++++++++++++++++++++++++++++++++++++++
INFO  2015-01-28 02:04:25,467 [Mule.app.deployer.monitor.1.thread.1] org.mule.module.launcher.domain.DefaultMuleDomain: 
++++++++++++++++++++++++++++++++++++++++++++++++++++++++++++
+ Stopping domain 'default'                                +
++++++++++++++++++++++++++++++++++++++++++++++++++++++++++++
INFO  2015-01-28 02:10:47,378 [Mule.app.deployer.monitor.1.thread.1] org.mule.module.launcher.domain.DefaultMuleDomain: 
++++++++++++++++++++++++++++++++++++++++++++++++++++++++++++
+ New domain 'default'                                     +
++++++++++++++++++++++++++++++++++++++++++++++++++++++++++++
INFO  2015-01-28 02:10:47,378 [Mule.app.deployer.monitor.1.thread.1] org.mule.module.launcher.domain.DefaultMuleDomain: 
++++++++++++++++++++++++++++++++++++++++++++++++++++++++++++
+ Initializing domain 'default'                            +
++++++++++++++++++++++++++++++++++++++++++++++++++++++++++++
INFO  2015-01-28 02:10:48,139 [main] org.mule.module.launcher.domain.DefaultMuleDomain: 
++++++++++++++++++++++++++++++++++++++++++++++++++++++++++++
+ New domain 'default'                                     +
++++++++++++++++++++++++++++++++++++++++++++++++++++++++++++
INFO  2015-01-28 02:10:48,140 [main] org.mule.module.launcher.domain.DefaultMuleDomain: 
++++++++++++++++++++++++++++++++++++++++++++++++++++++++++++
+ Initializing domain 'default'                            +
++++++++++++++++++++++++++++++++++++++++++++++++++++++++++++
INFO  2015-01-28 02:13:53,556 [main] org.mule.module.launcher.domain.DefaultMuleDomain: 
++++++++++++++++++++++++++++++++++++++++++++++++++++++++++++
+ New domain 'default'                                     +
++++++++++++++++++++++++++++++++++++++++++++++++++++++++++++
INFO  2015-01-28 02:13:53,557 [main] org.mule.module.launcher.domain.DefaultMuleDomain: 
++++++++++++++++++++++++++++++++++++++++++++++++++++++++++++
+ Initializing domain 'default'                            +
++++++++++++++++++++++++++++++++++++++++++++++++++++++++++++
INFO  2015-01-28 02:15:32,999 [main] org.mule.module.launcher.domain.DefaultMuleDomain: 
++++++++++++++++++++++++++++++++++++++++++++++++++++++++++++
+ New domain 'default'                                     +
++++++++++++++++++++++++++++++++++++++++++++++++++++++++++++
INFO  2015-01-28 02:15:33,000 [main] org.mule.module.launcher.domain.DefaultMuleDomain: 
++++++++++++++++++++++++++++++++++++++++++++++++++++++++++++
+ Initializing domain 'default'                            +
++++++++++++++++++++++++++++++++++++++++++++++++++++++++++++
INFO  2015-01-28 02:17:14,323 [main] org.mule.module.launcher.domain.DefaultMuleDomain: 
++++++++++++++++++++++++++++++++++++++++++++++++++++++++++++
+ New domain 'default'                                     +
++++++++++++++++++++++++++++++++++++++++++++++++++++++++++++
INFO  2015-01-28 02:17:14,324 [main] org.mule.module.launcher.domain.DefaultMuleDomain: 
++++++++++++++++++++++++++++++++++++++++++++++++++++++++++++
+ Initializing domain 'default'                            +
++++++++++++++++++++++++++++++++++++++++++++++++++++++++++++
INFO  2015-01-28 02:17:53,502 [main] org.mule.module.launcher.domain.DefaultMuleDomain: 
++++++++++++++++++++++++++++++++++++++++++++++++++++++++++++
+ New domain 'default'                                     +
++++++++++++++++++++++++++++++++++++++++++++++++++++++++++++
INFO  2015-01-28 02:17:53,503 [main] org.mule.module.launcher.domain.DefaultMuleDomain: 
++++++++++++++++++++++++++++++++++++++++++++++++++++++++++++
+ Initializing domain 'default'                            +
++++++++++++++++++++++++++++++++++++++++++++++++++++++++++++
INFO  2015-01-28 02:20:01,581 [main] org.mule.module.launcher.domain.DefaultMuleDomain: 
++++++++++++++++++++++++++++++++++++++++++++++++++++++++++++
+ New domain 'default'                                     +
++++++++++++++++++++++++++++++++++++++++++++++++++++++++++++
INFO  2015-01-28 02:20:01,582 [main] org.mule.module.launcher.domain.DefaultMuleDomain: 
++++++++++++++++++++++++++++++++++++++++++++++++++++++++++++
+ Initializing domain 'default'                            +
++++++++++++++++++++++++++++++++++++++++++++++++++++++++++++
INFO  2015-01-28 02:20:54,592 [main] org.mule.module.launcher.domain.DefaultMuleDomain: 
++++++++++++++++++++++++++++++++++++++++++++++++++++++++++++
+ New domain 'default'                                     +
++++++++++++++++++++++++++++++++++++++++++++++++++++++++++++
INFO  2015-01-28 02:20:54,593 [main] org.mule.module.launcher.domain.DefaultMuleDomain: 
++++++++++++++++++++++++++++++++++++++++++++++++++++++++++++
+ Initializing domain 'default'                            +
++++++++++++++++++++++++++++++++++++++++++++++++++++++++++++
INFO  2015-01-28 02:23:02,002 [main] org.mule.module.launcher.domain.DefaultMuleDomain: 
++++++++++++++++++++++++++++++++++++++++++++++++++++++++++++
+ New domain 'default'                                     +
++++++++++++++++++++++++++++++++++++++++++++++++++++++++++++
INFO  2015-01-28 02:23:02,003 [main] org.mule.module.launcher.domain.DefaultMuleDomain: 
++++++++++++++++++++++++++++++++++++++++++++++++++++++++++++
+ Initializing domain 'default'                            +
++++++++++++++++++++++++++++++++++++++++++++++++++++++++++++
INFO  2015-01-28 02:23:27,990 [main] org.mule.module.launcher.domain.DefaultMuleDomain: 
++++++++++++++++++++++++++++++++++++++++++++++++++++++++++++
+ New domain 'default'                                     +
++++++++++++++++++++++++++++++++++++++++++++++++++++++++++++
INFO  2015-01-28 02:23:27,991 [main] org.mule.module.launcher.domain.DefaultMuleDomain: 
++++++++++++++++++++++++++++++++++++++++++++++++++++++++++++
+ Initializing domain 'default'                            +
++++++++++++++++++++++++++++++++++++++++++++++++++++++++++++
INFO  2015-01-28 02:24:12,121 [main] org.mule.module.launcher.domain.DefaultMuleDomain: 
++++++++++++++++++++++++++++++++++++++++++++++++++++++++++++
+ New domain 'default'                                     +
++++++++++++++++++++++++++++++++++++++++++++++++++++++++++++
INFO  2015-01-28 02:24:12,122 [main] org.mule.module.launcher.domain.DefaultMuleDomain: 
++++++++++++++++++++++++++++++++++++++++++++++++++++++++++++
+ Initializing domain 'default'                            +
++++++++++++++++++++++++++++++++++++++++++++++++++++++++++++
INFO  2015-01-28 02:24:40,900 [main] org.mule.module.launcher.domain.DefaultMuleDomain: 
++++++++++++++++++++++++++++++++++++++++++++++++++++++++++++
+ New domain 'default'                                     +
++++++++++++++++++++++++++++++++++++++++++++++++++++++++++++
INFO  2015-01-28 02:24:40,901 [main] org.mule.module.launcher.domain.DefaultMuleDomain: 
++++++++++++++++++++++++++++++++++++++++++++++++++++++++++++
+ Initializing domain 'default'                            +
++++++++++++++++++++++++++++++++++++++++++++++++++++++++++++
INFO  2015-01-28 02:25:32,297 [main] org.mule.module.launcher.domain.DefaultMuleDomain: 
++++++++++++++++++++++++++++++++++++++++++++++++++++++++++++
+ New domain 'default'                                     +
++++++++++++++++++++++++++++++++++++++++++++++++++++++++++++
INFO  2015-01-28 02:25:32,298 [main] org.mule.module.launcher.domain.DefaultMuleDomain: 
++++++++++++++++++++++++++++++++++++++++++++++++++++++++++++
+ Initializing domain 'default'                            +
++++++++++++++++++++++++++++++++++++++++++++++++++++++++++++
INFO  2015-01-28 02:27:54,142 [main] org.mule.module.launcher.domain.DefaultMuleDomain: 
++++++++++++++++++++++++++++++++++++++++++++++++++++++++++++
+ New domain 'default'                                     +
++++++++++++++++++++++++++++++++++++++++++++++++++++++++++++
INFO  2015-01-28 02:27:54,143 [main] org.mule.module.launcher.domain.DefaultMuleDomain: 
++++++++++++++++++++++++++++++++++++++++++++++++++++++++++++
+ Initializing domain 'default'                            +
++++++++++++++++++++++++++++++++++++++++++++++++++++++++++++
INFO  2015-01-28 02:30:08,849 [main] org.mule.module.launcher.domain.DefaultMuleDomain: 
++++++++++++++++++++++++++++++++++++++++++++++++++++++++++++
+ New domain 'default'                                     +
++++++++++++++++++++++++++++++++++++++++++++++++++++++++++++
INFO  2015-01-28 02:30:08,850 [main] org.mule.module.launcher.domain.DefaultMuleDomain: 
++++++++++++++++++++++++++++++++++++++++++++++++++++++++++++
+ Initializing domain 'default'                            +
++++++++++++++++++++++++++++++++++++++++++++++++++++++++++++
INFO  2015-01-28 02:32:34,539 [main] org.mule.module.launcher.domain.DefaultMuleDomain: 
++++++++++++++++++++++++++++++++++++++++++++++++++++++++++++
+ New domain 'default'                                     +
++++++++++++++++++++++++++++++++++++++++++++++++++++++++++++
INFO  2015-01-28 02:32:34,540 [main] org.mule.module.launcher.domain.DefaultMuleDomain: 
++++++++++++++++++++++++++++++++++++++++++++++++++++++++++++
+ Initializing domain 'default'                            +
++++++++++++++++++++++++++++++++++++++++++++++++++++++++++++
INFO  2015-01-28 02:33:43,919 [main] org.mule.module.launcher.domain.DefaultMuleDomain: 
++++++++++++++++++++++++++++++++++++++++++++++++++++++++++++
+ New domain 'default'                                     +
++++++++++++++++++++++++++++++++++++++++++++++++++++++++++++
INFO  2015-01-28 02:33:43,920 [main] org.mule.module.launcher.domain.DefaultMuleDomain: 
++++++++++++++++++++++++++++++++++++++++++++++++++++++++++++
+ Initializing domain 'default'                            +
++++++++++++++++++++++++++++++++++++++++++++++++++++++++++++
INFO  2015-01-28 02:41:19,489 [main] org.mule.module.launcher.domain.DefaultMuleDomain: 
++++++++++++++++++++++++++++++++++++++++++++++++++++++++++++
+ New domain 'default'                                     +
++++++++++++++++++++++++++++++++++++++++++++++++++++++++++++
INFO  2015-01-28 02:41:19,490 [main] org.mule.module.launcher.domain.DefaultMuleDomain: 
++++++++++++++++++++++++++++++++++++++++++++++++++++++++++++
+ Initializing domain 'default'                            +
++++++++++++++++++++++++++++++++++++++++++++++++++++++++++++
INFO  2015-01-28 02:41:38,175 [main] org.mule.module.launcher.domain.DefaultMuleDomain: 
++++++++++++++++++++++++++++++++++++++++++++++++++++++++++++
+ New domain 'default'                                     +
++++++++++++++++++++++++++++++++++++++++++++++++++++++++++++
INFO  2015-01-28 02:41:38,176 [main] org.mule.module.launcher.domain.DefaultMuleDomain: 
++++++++++++++++++++++++++++++++++++++++++++++++++++++++++++
+ Initializing domain 'default'                            +
++++++++++++++++++++++++++++++++++++++++++++++++++++++++++++
INFO  2015-01-28 02:41:57,585 [main] org.mule.module.launcher.domain.DefaultMuleDomain: 
++++++++++++++++++++++++++++++++++++++++++++++++++++++++++++
+ New domain 'default'                                     +
++++++++++++++++++++++++++++++++++++++++++++++++++++++++++++
INFO  2015-01-28 02:41:57,585 [main] org.mule.module.launcher.domain.DefaultMuleDomain: 
++++++++++++++++++++++++++++++++++++++++++++++++++++++++++++
+ Initializing domain 'default'                            +
++++++++++++++++++++++++++++++++++++++++++++++++++++++++++++
INFO  2015-01-28 02:46:00,494 [main] org.mule.module.launcher.domain.DefaultMuleDomain: 
++++++++++++++++++++++++++++++++++++++++++++++++++++++++++++
+ New domain 'default'                                     +
++++++++++++++++++++++++++++++++++++++++++++++++++++++++++++
INFO  2015-01-28 02:46:00,495 [main] org.mule.module.launcher.domain.DefaultMuleDomain: 
++++++++++++++++++++++++++++++++++++++++++++++++++++++++++++
+ Initializing domain 'default'                            +
++++++++++++++++++++++++++++++++++++++++++++++++++++++++++++
INFO  2015-01-28 02:53:43,308 [main] org.mule.module.launcher.domain.DefaultMuleDomain: 
++++++++++++++++++++++++++++++++++++++++++++++++++++++++++++
+ New domain 'default'                                     +
++++++++++++++++++++++++++++++++++++++++++++++++++++++++++++
INFO  2015-01-28 02:53:43,309 [main] org.mule.module.launcher.domain.DefaultMuleDomain: 
++++++++++++++++++++++++++++++++++++++++++++++++++++++++++++
+ Initializing domain 'default'                            +
++++++++++++++++++++++++++++++++++++++++++++++++++++++++++++
INFO  2015-01-28 03:01:29,935 [main] org.mule.module.launcher.domain.DefaultMuleDomain: 
++++++++++++++++++++++++++++++++++++++++++++++++++++++++++++
+ New domain 'default'                                     +
++++++++++++++++++++++++++++++++++++++++++++++++++++++++++++
INFO  2015-01-28 03:01:29,936 [main] org.mule.module.launcher.domain.DefaultMuleDomain: 
++++++++++++++++++++++++++++++++++++++++++++++++++++++++++++
+ Initializing domain 'default'                            +
++++++++++++++++++++++++++++++++++++++++++++++++++++++++++++
INFO  2015-01-28 03:03:52,580 [main] org.mule.module.launcher.domain.DefaultMuleDomain: 
++++++++++++++++++++++++++++++++++++++++++++++++++++++++++++
+ New domain 'default'                                     +
++++++++++++++++++++++++++++++++++++++++++++++++++++++++++++
INFO  2015-01-28 03:03:52,584 [main] org.mule.module.launcher.domain.DefaultMuleDomain: 
++++++++++++++++++++++++++++++++++++++++++++++++++++++++++++
+ Initializing domain 'default'                            +
++++++++++++++++++++++++++++++++++++++++++++++++++++++++++++
INFO  2015-01-28 03:19:31,032 [main] org.mule.module.launcher.domain.DefaultMuleDomain: 
++++++++++++++++++++++++++++++++++++++++++++++++++++++++++++
+ New domain 'default'                                     +
++++++++++++++++++++++++++++++++++++++++++++++++++++++++++++
INFO  2015-01-28 03:19:31,033 [main] org.mule.module.launcher.domain.DefaultMuleDomain: 
++++++++++++++++++++++++++++++++++++++++++++++++++++++++++++
+ Initializing domain 'default'                            +
++++++++++++++++++++++++++++++++++++++++++++++++++++++++++++
INFO  2015-01-28 03:23:58,794 [main] org.mule.module.launcher.domain.DefaultMuleDomain: 
++++++++++++++++++++++++++++++++++++++++++++++++++++++++++++
+ New domain 'default'                                     +
++++++++++++++++++++++++++++++++++++++++++++++++++++++++++++
INFO  2015-01-28 03:23:58,795 [main] org.mule.module.launcher.domain.DefaultMuleDomain: 
++++++++++++++++++++++++++++++++++++++++++++++++++++++++++++
+ Initializing domain 'default'                            +
++++++++++++++++++++++++++++++++++++++++++++++++++++++++++++
INFO  2015-01-28 03:25:56,854 [main] org.mule.module.launcher.domain.DefaultMuleDomain: 
++++++++++++++++++++++++++++++++++++++++++++++++++++++++++++
+ New domain 'default'                                     +
++++++++++++++++++++++++++++++++++++++++++++++++++++++++++++
INFO  2015-01-28 03:25:56,855 [main] org.mule.module.launcher.domain.DefaultMuleDomain: 
++++++++++++++++++++++++++++++++++++++++++++++++++++++++++++
+ Initializing domain 'default'                            +
++++++++++++++++++++++++++++++++++++++++++++++++++++++++++++
INFO  2015-01-28 03:28:00,804 [main] org.mule.module.launcher.domain.DefaultMuleDomain: 
++++++++++++++++++++++++++++++++++++++++++++++++++++++++++++
+ New domain 'default'                                     +
++++++++++++++++++++++++++++++++++++++++++++++++++++++++++++
INFO  2015-01-28 03:28:00,805 [main] org.mule.module.launcher.domain.DefaultMuleDomain: 
++++++++++++++++++++++++++++++++++++++++++++++++++++++++++++
+ Initializing domain 'default'                            +
++++++++++++++++++++++++++++++++++++++++++++++++++++++++++++
INFO  2015-01-28 03:28:04,021 [main] org.mule.module.launcher.domain.DefaultMuleDomain: 
++++++++++++++++++++++++++++++++++++++++++++++++++++++++++++
+ New domain 'default'                                     +
++++++++++++++++++++++++++++++++++++++++++++++++++++++++++++
INFO  2015-01-28 03:28:04,022 [main] org.mule.module.launcher.domain.DefaultMuleDomain: 
++++++++++++++++++++++++++++++++++++++++++++++++++++++++++++
+ Initializing domain 'default'                            +
++++++++++++++++++++++++++++++++++++++++++++++++++++++++++++
INFO  2015-01-28 03:28:35,933 [main] org.mule.module.launcher.domain.DefaultMuleDomain: 
++++++++++++++++++++++++++++++++++++++++++++++++++++++++++++
+ New domain 'default'                                     +
++++++++++++++++++++++++++++++++++++++++++++++++++++++++++++
INFO  2015-01-28 03:28:35,934 [main] org.mule.module.launcher.domain.DefaultMuleDomain: 
++++++++++++++++++++++++++++++++++++++++++++++++++++++++++++
+ Initializing domain 'default'                            +
++++++++++++++++++++++++++++++++++++++++++++++++++++++++++++
INFO  2015-01-28 03:30:38,374 [main] org.mule.module.launcher.domain.DefaultMuleDomain: 
++++++++++++++++++++++++++++++++++++++++++++++++++++++++++++
+ New domain 'default'                                     +
++++++++++++++++++++++++++++++++++++++++++++++++++++++++++++
INFO  2015-01-28 03:30:38,375 [main] org.mule.module.launcher.domain.DefaultMuleDomain: 
++++++++++++++++++++++++++++++++++++++++++++++++++++++++++++
+ Initializing domain 'default'                            +
++++++++++++++++++++++++++++++++++++++++++++++++++++++++++++
INFO  2015-01-28 03:31:33,069 [main] org.mule.module.launcher.domain.DefaultMuleDomain: 
++++++++++++++++++++++++++++++++++++++++++++++++++++++++++++
+ New domain 'default'                                     +
++++++++++++++++++++++++++++++++++++++++++++++++++++++++++++
INFO  2015-01-28 03:31:33,070 [main] org.mule.module.launcher.domain.DefaultMuleDomain: 
++++++++++++++++++++++++++++++++++++++++++++++++++++++++++++
+ Initializing domain 'default'                            +
++++++++++++++++++++++++++++++++++++++++++++++++++++++++++++
INFO  2015-01-28 03:32:49,191 [main] org.mule.module.launcher.domain.DefaultMuleDomain: 
++++++++++++++++++++++++++++++++++++++++++++++++++++++++++++
+ New domain 'default'                                     +
++++++++++++++++++++++++++++++++++++++++++++++++++++++++++++
INFO  2015-01-28 03:32:49,192 [main] org.mule.module.launcher.domain.DefaultMuleDomain: 
++++++++++++++++++++++++++++++++++++++++++++++++++++++++++++
+ Initializing domain 'default'                            +
++++++++++++++++++++++++++++++++++++++++++++++++++++++++++++
INFO  2015-01-28 03:35:32,664 [main] org.mule.module.launcher.domain.DefaultMuleDomain: 
++++++++++++++++++++++++++++++++++++++++++++++++++++++++++++
+ New domain 'default'                                     +
++++++++++++++++++++++++++++++++++++++++++++++++++++++++++++
INFO  2015-01-28 03:35:32,665 [main] org.mule.module.launcher.domain.DefaultMuleDomain: 
++++++++++++++++++++++++++++++++++++++++++++++++++++++++++++
+ Initializing domain 'default'                            +
++++++++++++++++++++++++++++++++++++++++++++++++++++++++++++
INFO  2015-01-28 03:36:57,720 [main] org.mule.module.launcher.domain.DefaultMuleDomain: 
++++++++++++++++++++++++++++++++++++++++++++++++++++++++++++
+ New domain 'default'                                     +
++++++++++++++++++++++++++++++++++++++++++++++++++++++++++++
INFO  2015-01-28 03:36:57,721 [main] org.mule.module.launcher.domain.DefaultMuleDomain: 
++++++++++++++++++++++++++++++++++++++++++++++++++++++++++++
+ Initializing domain 'default'                            +
++++++++++++++++++++++++++++++++++++++++++++++++++++++++++++
INFO  2015-01-28 03:41:47,399 [main] org.mule.module.launcher.domain.DefaultMuleDomain: 
++++++++++++++++++++++++++++++++++++++++++++++++++++++++++++
+ New domain 'default'                                     +
++++++++++++++++++++++++++++++++++++++++++++++++++++++++++++
INFO  2015-01-28 03:41:47,400 [main] org.mule.module.launcher.domain.DefaultMuleDomain: 
++++++++++++++++++++++++++++++++++++++++++++++++++++++++++++
+ Initializing domain 'default'                            +
++++++++++++++++++++++++++++++++++++++++++++++++++++++++++++
INFO  2015-01-28 03:41:50,708 [main] org.mule.module.launcher.domain.DefaultMuleDomain: 
++++++++++++++++++++++++++++++++++++++++++++++++++++++++++++
+ New domain 'default'                                     +
++++++++++++++++++++++++++++++++++++++++++++++++++++++++++++
INFO  2015-01-28 03:41:50,709 [main] org.mule.module.launcher.domain.DefaultMuleDomain: 
++++++++++++++++++++++++++++++++++++++++++++++++++++++++++++
+ Initializing domain 'default'                            +
++++++++++++++++++++++++++++++++++++++++++++++++++++++++++++
INFO  2015-01-28 03:43:05,608 [main] org.mule.module.launcher.domain.DefaultMuleDomain: 
++++++++++++++++++++++++++++++++++++++++++++++++++++++++++++
+ New domain 'default'                                     +
++++++++++++++++++++++++++++++++++++++++++++++++++++++++++++
INFO  2015-01-28 03:43:05,610 [main] org.mule.module.launcher.domain.DefaultMuleDomain: 
++++++++++++++++++++++++++++++++++++++++++++++++++++++++++++
+ Initializing domain 'default'                            +
++++++++++++++++++++++++++++++++++++++++++++++++++++++++++++
INFO  2015-01-28 03:52:40,886 [main] org.mule.module.launcher.domain.DefaultMuleDomain: 
++++++++++++++++++++++++++++++++++++++++++++++++++++++++++++
+ New domain 'default'                                     +
++++++++++++++++++++++++++++++++++++++++++++++++++++++++++++
INFO  2015-01-28 03:52:40,887 [main] org.mule.module.launcher.domain.DefaultMuleDomain: 
++++++++++++++++++++++++++++++++++++++++++++++++++++++++++++
+ Initializing domain 'default'                            +
++++++++++++++++++++++++++++++++++++++++++++++++++++++++++++
INFO  2015-01-28 03:52:48,666 [main] org.mule.module.launcher.domain.DefaultMuleDomain: 
++++++++++++++++++++++++++++++++++++++++++++++++++++++++++++
+ New domain 'default'                                     +
++++++++++++++++++++++++++++++++++++++++++++++++++++++++++++
INFO  2015-01-28 03:52:48,667 [main] org.mule.module.launcher.domain.DefaultMuleDomain: 
++++++++++++++++++++++++++++++++++++++++++++++++++++++++++++
+ Initializing domain 'default'                            +
++++++++++++++++++++++++++++++++++++++++++++++++++++++++++++
INFO  2015-01-28 03:58:45,469 [main] org.mule.module.launcher.domain.DefaultMuleDomain: 
++++++++++++++++++++++++++++++++++++++++++++++++++++++++++++
+ New domain 'default'                                     +
++++++++++++++++++++++++++++++++++++++++++++++++++++++++++++
INFO  2015-01-28 03:58:45,470 [main] org.mule.module.launcher.domain.DefaultMuleDomain: 
++++++++++++++++++++++++++++++++++++++++++++++++++++++++++++
+ Initializing domain 'default'                            +
++++++++++++++++++++++++++++++++++++++++++++++++++++++++++++
INFO  2015-01-28 04:02:02,639 [main] org.mule.module.launcher.domain.DefaultMuleDomain: 
++++++++++++++++++++++++++++++++++++++++++++++++++++++++++++
+ New domain 'default'                                     +
++++++++++++++++++++++++++++++++++++++++++++++++++++++++++++
INFO  2015-01-28 04:02:02,640 [main] org.mule.module.launcher.domain.DefaultMuleDomain: 
++++++++++++++++++++++++++++++++++++++++++++++++++++++++++++
+ Initializing domain 'default'                            +
++++++++++++++++++++++++++++++++++++++++++++++++++++++++++++
INFO  2015-01-28 04:02:40,915 [main] org.mule.module.launcher.domain.DefaultMuleDomain: 
++++++++++++++++++++++++++++++++++++++++++++++++++++++++++++
+ New domain 'default'                                     +
++++++++++++++++++++++++++++++++++++++++++++++++++++++++++++
INFO  2015-01-28 04:02:40,916 [main] org.mule.module.launcher.domain.DefaultMuleDomain: 
++++++++++++++++++++++++++++++++++++++++++++++++++++++++++++
+ Initializing domain 'default'                            +
++++++++++++++++++++++++++++++++++++++++++++++++++++++++++++
INFO  2015-01-28 04:06:02,556 [main] org.mule.module.launcher.domain.DefaultMuleDomain: 
++++++++++++++++++++++++++++++++++++++++++++++++++++++++++++
+ New domain 'default'                                     +
++++++++++++++++++++++++++++++++++++++++++++++++++++++++++++
INFO  2015-01-28 04:06:02,557 [main] org.mule.module.launcher.domain.DefaultMuleDomain: 
++++++++++++++++++++++++++++++++++++++++++++++++++++++++++++
+ Initializing domain 'default'                            +
++++++++++++++++++++++++++++++++++++++++++++++++++++++++++++
INFO  2015-01-28 04:08:18,854 [main] org.mule.module.launcher.domain.DefaultMuleDomain: 
++++++++++++++++++++++++++++++++++++++++++++++++++++++++++++
+ New domain 'default'                                     +
++++++++++++++++++++++++++++++++++++++++++++++++++++++++++++
INFO  2015-01-28 04:08:18,855 [main] org.mule.module.launcher.domain.DefaultMuleDomain: 
++++++++++++++++++++++++++++++++++++++++++++++++++++++++++++
+ Initializing domain 'default'                            +
++++++++++++++++++++++++++++++++++++++++++++++++++++++++++++
INFO  2015-01-28 04:12:22,876 [main] org.mule.module.launcher.domain.DefaultMuleDomain: 
++++++++++++++++++++++++++++++++++++++++++++++++++++++++++++
+ New domain 'default'                                     +
++++++++++++++++++++++++++++++++++++++++++++++++++++++++++++
INFO  2015-01-28 04:12:22,878 [main] org.mule.module.launcher.domain.DefaultMuleDomain: 
++++++++++++++++++++++++++++++++++++++++++++++++++++++++++++
+ Initializing domain 'default'                            +
++++++++++++++++++++++++++++++++++++++++++++++++++++++++++++
INFO  2015-01-28 04:20:46,044 [main] org.mule.module.launcher.domain.DefaultMuleDomain: 
++++++++++++++++++++++++++++++++++++++++++++++++++++++++++++
+ New domain 'default'                                     +
++++++++++++++++++++++++++++++++++++++++++++++++++++++++++++
INFO  2015-01-28 04:20:46,044 [main] org.mule.module.launcher.domain.DefaultMuleDomain: 
++++++++++++++++++++++++++++++++++++++++++++++++++++++++++++
+ Initializing domain 'default'                            +
++++++++++++++++++++++++++++++++++++++++++++++++++++++++++++
INFO  2015-01-28 04:21:32,838 [main] org.mule.module.launcher.domain.DefaultMuleDomain: 
++++++++++++++++++++++++++++++++++++++++++++++++++++++++++++
+ New domain 'default'                                     +
++++++++++++++++++++++++++++++++++++++++++++++++++++++++++++
INFO  2015-01-28 04:21:32,840 [main] org.mule.module.launcher.domain.DefaultMuleDomain: 
++++++++++++++++++++++++++++++++++++++++++++++++++++++++++++
+ Initializing domain 'default'                            +
++++++++++++++++++++++++++++++++++++++++++++++++++++++++++++
INFO  2015-01-28 04:22:53,293 [main] org.mule.module.launcher.domain.DefaultMuleDomain: 
++++++++++++++++++++++++++++++++++++++++++++++++++++++++++++
+ New domain 'default'                                     +
++++++++++++++++++++++++++++++++++++++++++++++++++++++++++++
INFO  2015-01-28 04:22:53,293 [main] org.mule.module.launcher.domain.DefaultMuleDomain: 
++++++++++++++++++++++++++++++++++++++++++++++++++++++++++++
+ Initializing domain 'default'                            +
++++++++++++++++++++++++++++++++++++++++++++++++++++++++++++
INFO  2015-01-28 04:23:41,670 [main] org.mule.module.launcher.domain.DefaultMuleDomain: 
++++++++++++++++++++++++++++++++++++++++++++++++++++++++++++
+ New domain 'default'                                     +
++++++++++++++++++++++++++++++++++++++++++++++++++++++++++++
INFO  2015-01-28 04:23:41,671 [main] org.mule.module.launcher.domain.DefaultMuleDomain: 
++++++++++++++++++++++++++++++++++++++++++++++++++++++++++++
+ Initializing domain 'default'                            +
++++++++++++++++++++++++++++++++++++++++++++++++++++++++++++
INFO  2015-01-28 04:24:09,210 [main] org.mule.module.launcher.domain.DefaultMuleDomain: 
++++++++++++++++++++++++++++++++++++++++++++++++++++++++++++
+ New domain 'default'                                     +
++++++++++++++++++++++++++++++++++++++++++++++++++++++++++++
INFO  2015-01-28 04:24:09,214 [main] org.mule.module.launcher.domain.DefaultMuleDomain: 
++++++++++++++++++++++++++++++++++++++++++++++++++++++++++++
+ Initializing domain 'default'                            +
++++++++++++++++++++++++++++++++++++++++++++++++++++++++++++
INFO  2015-01-28 04:24:39,459 [main] org.mule.module.launcher.domain.DefaultMuleDomain: 
++++++++++++++++++++++++++++++++++++++++++++++++++++++++++++
+ New domain 'default'                                     +
++++++++++++++++++++++++++++++++++++++++++++++++++++++++++++
INFO  2015-01-28 04:24:39,460 [main] org.mule.module.launcher.domain.DefaultMuleDomain: 
++++++++++++++++++++++++++++++++++++++++++++++++++++++++++++
+ Initializing domain 'default'                            +
++++++++++++++++++++++++++++++++++++++++++++++++++++++++++++
INFO  2015-01-28 04:26:46,755 [main] org.mule.module.launcher.domain.DefaultMuleDomain: 
++++++++++++++++++++++++++++++++++++++++++++++++++++++++++++
+ New domain 'default'                                     +
++++++++++++++++++++++++++++++++++++++++++++++++++++++++++++
INFO  2015-01-28 04:26:46,758 [main] org.mule.module.launcher.domain.DefaultMuleDomain: 
++++++++++++++++++++++++++++++++++++++++++++++++++++++++++++
+ Initializing domain 'default'                            +
++++++++++++++++++++++++++++++++++++++++++++++++++++++++++++
