INFO  2015-01-28 00:04:12,310 [Mule.app.deployer.monitor.1.thread.1] org.mule.module.launcher.application.DefaultMuleApplication: 
++++++++++++++++++++++++++++++++++++++++++++++++++++++++++++
+ Initializing app 'http-request-response-with-logger'     +
++++++++++++++++++++++++++++++++++++++++++++++++++++++++++++
INFO  2015-01-28 00:04:12,319 [Mule.app.deployer.monitor.1.thread.1] org.mule.lifecycle.AbstractLifecycleManager: Initialising RegistryBroker
INFO  2015-01-28 00:04:12,328 [Mule.app.deployer.monitor.1.thread.1] org.mule.config.spring.MuleArtifactContext: Refreshing org.mule.config.spring.MuleArtifactContext@5579fc03: startup date [Wed Jan 28 00:04:12 EST 2015]; root of context hierarchy
INFO  2015-01-28 00:04:14,885 [main] org.mule.module.launcher.application.DefaultMuleApplication: 
++++++++++++++++++++++++++++++++++++++++++++++++++++++++++++
+ Initializing app 'http-request-response-with-logger'     +
++++++++++++++++++++++++++++++++++++++++++++++++++++++++++++
INFO  2015-01-28 00:04:15,062 [main] org.mule.lifecycle.AbstractLifecycleManager: Initialising RegistryBroker
INFO  2015-01-28 00:04:15,255 [main] org.mule.config.spring.MuleArtifactContext: Refreshing org.mule.config.spring.MuleArtifactContext@132fa7c8: startup date [Wed Jan 28 00:04:15 EST 2015]; root of context hierarchy
INFO  2015-01-28 00:04:16,454 [main] org.mule.lifecycle.AbstractLifecycleManager: Disposing RegistryBroker
ERROR 2015-01-28 00:04:16,575 [main] org.mule.module.launcher.application.DefaultMuleApplication: null
org.xml.sax.SAXParseException: cvc-complex-type.2.4.a: Invalid content was found starting with element 'objectstore:config'. One of '{"http://www.springframework.org/schema/beans":beans, "http://www.springframework.org/schema/beans":bean, "http://www.springframework.org/schema/context":property-placeholder, "http://www.springframework.org/schema/beans":ref, "http://www.mulesoft.org/schema/mule/core":global-property, "http://www.mulesoft.org/schema/mule/core":configuration, "http://www.mulesoft.org/schema/mule/core":notifications, "http://www.mulesoft.org/schema/mule/core":abstract-extension, "http://www.mulesoft.org/schema/mule/core":abstract-shared-extension, "http://www.mulesoft.org/schema/mule/core":abstract-mixed-content-extension, "http://www.mulesoft.org/schema/mule/core":abstract-agent, "http://www.mulesoft.org/schema/mule/core":abstract-security-manager, "http://www.mulesoft.org/schema/mule/core":abstract-transaction-manager, "http://www.mulesoft.org/schema/mule/core":abstract-shared-transaction-manager, "http://www.mulesoft.org/schema/mule/core":abstract-connector, "http://www.mulesoft.org/schema/mule/core":abstract-shared-connector, "http://www.mulesoft.org/schema/mule/core":abstract-global-endpoint, "http://www.mulesoft.org/schema/mule/core":abstract-exception-strategy, "http://www.mulesoft.org/schema/mule/core":abstract-flow-construct, "http://www.mulesoft.org/schema/mule/core":flow, "http://www.mulesoft.org/schema/mule/core":sub-flow, "http://www.mulesoft.org/schema/mule/core":abstract-model, "http://www.mulesoft.org/schema/mule/core":abstract-interceptor-stack, "http://www.mulesoft.org/schema/mule/core":abstract-filter, "http://www.mulesoft.org/schema/mule/core":abstract-transformer, "http://www.mulesoft.org/schema/mule/core":processor-chain, "http://www.mulesoft.org/schema/mule/core":custom-processor, "http://www.mulesoft.org/schema/mule/core":abstract-empty-processor, "http://www.mulesoft.org/schema/mule/core":invoke, "http://www.mulesoft.org/schema/mule/core":abstract-global-intercepting-message-processor, "http://www.mulesoft.org/schema/mule/core":custom-queue-store, "http://www.mulesoft.org/schema/mule/core":abstract-processing-strategy}' is expected.
	at org.apache.xerces.util.ErrorHandlerWrapper.createSAXParseException(Unknown Source) ~[?:?]
	at org.apache.xerces.util.ErrorHandlerWrapper.error(Unknown Source) ~[?:?]
	at org.apache.xerces.impl.XMLErrorReporter.reportError(Unknown Source) ~[?:?]
	at org.apache.xerces.impl.XMLErrorReporter.reportError(Unknown Source) ~[?:?]
	at org.apache.xerces.impl.XMLErrorReporter.reportError(Unknown Source) ~[?:?]
	at org.apache.xerces.impl.xs.XMLSchemaValidator$XSIErrorReporter.reportError(Unknown Source) ~[?:?]
	at org.apache.xerces.impl.xs.XMLSchemaValidator.reportSchemaError(Unknown Source) ~[?:?]
	at org.apache.xerces.impl.xs.XMLSchemaValidator.handleStartElement(Unknown Source) ~[?:?]
	at org.apache.xerces.impl.xs.XMLSchemaValidator.emptyElement(Unknown Source) ~[?:?]
	at org.apache.xerces.impl.XMLNSDocumentScannerImpl.scanStartElement(Unknown Source) ~[?:?]
	at org.apache.xerces.impl.XMLDocumentFragmentScannerImpl$FragmentContentDispatcher.dispatch(Unknown Source) ~[?:?]
	at org.apache.xerces.impl.XMLDocumentFragmentScannerImpl.scanDocument(Unknown Source) ~[?:?]
	at org.apache.xerces.parsers.XML11Configuration.parse(Unknown Source) ~[?:?]
	at org.apache.xerces.parsers.XML11Configuration.parse(Unknown Source) ~[?:?]
	at org.apache.xerces.parsers.XMLParser.parse(Unknown Source) ~[?:?]
	at org.apache.xerces.parsers.DOMParser.parse(Unknown Source) ~[?:?]
	at org.apache.xerces.jaxp.DocumentBuilderImpl.parse(Unknown Source) ~[?:?]
	at org.springframework.beans.factory.xml.DefaultDocumentLoader.loadDocument(DefaultDocumentLoader.java:75) ~[spring-beans-3.2.10.RELEASE.jar:3.2.10.RELEASE]
	at org.springframework.beans.factory.xml.XmlBeanDefinitionReader.doLoadBeanDefinitions(XmlBeanDefinitionReader.java:388) ~[spring-beans-3.2.10.RELEASE.jar:3.2.10.RELEASE]
	at org.springframework.beans.factory.xml.XmlBeanDefinitionReader.loadBeanDefinitions(XmlBeanDefinitionReader.java:334) ~[spring-beans-3.2.10.RELEASE.jar:3.2.10.RELEASE]
	at org.springframework.beans.factory.xml.XmlBeanDefinitionReader.loadBeanDefinitions(XmlBeanDefinitionReader.java:302) ~[spring-beans-3.2.10.RELEASE.jar:3.2.10.RELEASE]
	at org.springframework.beans.factory.support.AbstractBeanDefinitionReader.loadBeanDefinitions(AbstractBeanDefinitionReader.java:174) ~[spring-beans-3.2.10.RELEASE.jar:3.2.10.RELEASE]
	at org.mule.config.spring.MuleArtifactContext.loadBeanDefinitions(MuleArtifactContext.java:106) ~[mule-module-spring-config-3.6.0.jar:3.6.0]
	at org.springframework.context.support.AbstractRefreshableApplicationContext.refreshBeanFactory(AbstractRefreshableApplicationContext.java:130) ~[spring-context-3.2.10.RELEASE.jar:3.2.10.RELEASE]
	at org.springframework.context.support.AbstractApplicationContext.obtainFreshBeanFactory(AbstractApplicationContext.java:537) ~[spring-context-3.2.10.RELEASE.jar:3.2.10.RELEASE]
	at org.springframework.context.support.AbstractApplicationContext.refresh(AbstractApplicationContext.java:451) ~[spring-context-3.2.10.RELEASE.jar:3.2.10.RELEASE]
	at org.mule.config.spring.SpringRegistry.doInitialise(SpringRegistry.java:86) ~[mule-module-spring-config-3.6.0.jar:3.6.0]
	at org.mule.registry.AbstractRegistry.initialise(AbstractRegistry.java:105) ~[mule-core-3.6.0.jar:3.6.0]
	at org.mule.config.spring.SpringXmlConfigurationBuilder.createSpringRegistry(SpringXmlConfigurationBuilder.java:135) ~[mule-module-spring-config-3.6.0.jar:3.6.0]
	at org.mule.config.spring.SpringXmlConfigurationBuilder.doConfigure(SpringXmlConfigurationBuilder.java:90) ~[mule-module-spring-config-3.6.0.jar:3.6.0]
	at org.mule.config.builders.AbstractConfigurationBuilder.configure(AbstractConfigurationBuilder.java:43) ~[mule-core-3.6.0.jar:3.6.0]
	at org.mule.config.builders.AbstractResourceConfigurationBuilder.configure(AbstractResourceConfigurationBuilder.java:69) ~[mule-core-3.6.0.jar:3.6.0]
	at org.mule.config.builders.AutoConfigurationBuilder.autoConfigure(AutoConfigurationBuilder.java:101) ~[mule-core-3.6.0.jar:3.6.0]
	at org.mule.config.builders.AutoConfigurationBuilder.doConfigure(AutoConfigurationBuilder.java:52) ~[mule-core-3.6.0.jar:3.6.0]
	at org.mule.config.builders.AbstractConfigurationBuilder.configure(AbstractConfigurationBuilder.java:43) ~[mule-core-3.6.0.jar:3.6.0]
	at org.mule.config.builders.AbstractResourceConfigurationBuilder.configure(AbstractResourceConfigurationBuilder.java:69) ~[mule-core-3.6.0.jar:3.6.0]
	at org.mule.context.DefaultMuleContextFactory$1.configure(DefaultMuleContextFactory.java:84) ~[mule-core-3.6.0.jar:3.6.0]
	at org.mule.context.DefaultMuleContextFactory.doCreateMuleContext(DefaultMuleContextFactory.java:217) ~[mule-core-3.6.0.jar:3.6.0]
	at org.mule.context.DefaultMuleContextFactory.createMuleContext(DefaultMuleContextFactory.java:76) ~[mule-core-3.6.0.jar:3.6.0]
	at org.mule.module.launcher.application.DefaultMuleApplication.init(DefaultMuleApplication.java:187) ~[mule-module-launcher-3.6.0.jar:3.6.0]
	at org.mule.module.launcher.artifact.ArtifactWrapper$2.execute(ArtifactWrapper.java:62) ~[mule-module-launcher-3.6.0.jar:3.6.0]
	at org.mule.module.launcher.artifact.ArtifactWrapper.executeWithinArtifactClassLoader(ArtifactWrapper.java:129) ~[mule-module-launcher-3.6.0.jar:3.6.0]
	at org.mule.module.launcher.artifact.ArtifactWrapper.init(ArtifactWrapper.java:57) ~[mule-module-launcher-3.6.0.jar:3.6.0]
	at org.mule.module.launcher.DefaultArtifactDeployer.deploy(DefaultArtifactDeployer.java:25) ~[mule-module-launcher-3.6.0.jar:3.6.0]
	at org.mule.module.launcher.DefaultArchiveDeployer.guardedDeploy(DefaultArchiveDeployer.java:310) ~[mule-module-launcher-3.6.0.jar:3.6.0]
	at org.mule.module.launcher.DefaultArchiveDeployer.deployArtifact(DefaultArchiveDeployer.java:330) ~[mule-module-launcher-3.6.0.jar:3.6.0]
	at org.mule.module.launcher.DefaultArchiveDeployer.deployPackagedArtifact(DefaultArchiveDeployer.java:155) ~[mule-module-launcher-3.6.0.jar:3.6.0]
	at org.mule.module.launcher.DefaultArchiveDeployer.deployPackagedArtifact(DefaultArchiveDeployer.java:256) ~[mule-module-launcher-3.6.0.jar:3.6.0]
	at org.mule.module.launcher.DefaultArchiveDeployer.deployPackagedArtifact(DefaultArchiveDeployer.java:78) ~[mule-module-launcher-3.6.0.jar:3.6.0]
	at org.mule.module.launcher.DeploymentDirectoryWatcher.deployPackedApps(DeploymentDirectoryWatcher.java:275) ~[mule-module-launcher-3.6.0.jar:3.6.0]
	at org.mule.module.launcher.DeploymentDirectoryWatcher.start(DeploymentDirectoryWatcher.java:150) ~[mule-module-launcher-3.6.0.jar:3.6.0]
	at org.mule.module.launcher.MuleDeploymentService.start(MuleDeploymentService.java:100) ~[mule-module-launcher-3.6.0.jar:3.6.0]
	at org.mule.module.launcher.MuleContainer.start(MuleContainer.java:152) ~[mule-module-launcher-3.6.0.jar:3.6.0]
	at org.mule.tooling.server.application.ApplicationDeployer.main(ApplicationDeployer.java:15) ~[tooling-support-3.6.0.jar:?]
INFO  2015-01-28 00:04:16,576 [main] org.mule.module.launcher.application.DefaultMuleApplication: App 'http-request-response-with-logger' never started, nothing to dispose of
INFO  2015-01-28 00:06:49,031 [main] org.mule.module.launcher.application.DefaultMuleApplication: 
++++++++++++++++++++++++++++++++++++++++++++++++++++++++++++
+ Initializing app 'http-request-response-with-logger'     +
++++++++++++++++++++++++++++++++++++++++++++++++++++++++++++
INFO  2015-01-28 00:06:49,209 [main] org.mule.lifecycle.AbstractLifecycleManager: Initialising RegistryBroker
INFO  2015-01-28 00:06:49,395 [main] org.mule.config.spring.MuleArtifactContext: Refreshing org.mule.config.spring.MuleArtifactContext@145733c2: startup date [Wed Jan 28 00:06:49 EST 2015]; root of context hierarchy
INFO  2015-01-28 00:06:50,643 [main] org.mule.lifecycle.AbstractLifecycleManager: Disposing RegistryBroker
ERROR 2015-01-28 00:06:50,845 [main] org.mule.module.launcher.application.DefaultMuleApplication: null
org.xml.sax.SAXParseException: cvc-complex-type.2.4.a: Invalid content was found starting with element 'objectstore:config'. One of '{"http://www.springframework.org/schema/beans":beans, "http://www.springframework.org/schema/beans":bean, "http://www.springframework.org/schema/context":property-placeholder, "http://www.springframework.org/schema/beans":ref, "http://www.mulesoft.org/schema/mule/core":global-property, "http://www.mulesoft.org/schema/mule/core":configuration, "http://www.mulesoft.org/schema/mule/core":notifications, "http://www.mulesoft.org/schema/mule/core":abstract-extension, "http://www.mulesoft.org/schema/mule/core":abstract-shared-extension, "http://www.mulesoft.org/schema/mule/core":abstract-mixed-content-extension, "http://www.mulesoft.org/schema/mule/core":abstract-agent, "http://www.mulesoft.org/schema/mule/core":abstract-security-manager, "http://www.mulesoft.org/schema/mule/core":abstract-transaction-manager, "http://www.mulesoft.org/schema/mule/core":abstract-shared-transaction-manager, "http://www.mulesoft.org/schema/mule/core":abstract-connector, "http://www.mulesoft.org/schema/mule/core":abstract-shared-connector, "http://www.mulesoft.org/schema/mule/core":abstract-global-endpoint, "http://www.mulesoft.org/schema/mule/core":abstract-exception-strategy, "http://www.mulesoft.org/schema/mule/core":abstract-flow-construct, "http://www.mulesoft.org/schema/mule/core":flow, "http://www.mulesoft.org/schema/mule/core":sub-flow, "http://www.mulesoft.org/schema/mule/core":abstract-model, "http://www.mulesoft.org/schema/mule/core":abstract-interceptor-stack, "http://www.mulesoft.org/schema/mule/core":abstract-filter, "http://www.mulesoft.org/schema/mule/core":abstract-transformer, "http://www.mulesoft.org/schema/mule/core":processor-chain, "http://www.mulesoft.org/schema/mule/core":custom-processor, "http://www.mulesoft.org/schema/mule/core":abstract-empty-processor, "http://www.mulesoft.org/schema/mule/core":invoke, "http://www.mulesoft.org/schema/mule/core":abstract-global-intercepting-message-processor, "http://www.mulesoft.org/schema/mule/core":custom-queue-store, "http://www.mulesoft.org/schema/mule/core":abstract-processing-strategy}' is expected.
	at org.apache.xerces.util.ErrorHandlerWrapper.createSAXParseException(Unknown Source) ~[?:?]
	at org.apache.xerces.util.ErrorHandlerWrapper.error(Unknown Source) ~[?:?]
	at org.apache.xerces.impl.XMLErrorReporter.reportError(Unknown Source) ~[?:?]
	at org.apache.xerces.impl.XMLErrorReporter.reportError(Unknown Source) ~[?:?]
	at org.apache.xerces.impl.XMLErrorReporter.reportError(Unknown Source) ~[?:?]
	at org.apache.xerces.impl.xs.XMLSchemaValidator$XSIErrorReporter.reportError(Unknown Source) ~[?:?]
	at org.apache.xerces.impl.xs.XMLSchemaValidator.reportSchemaError(Unknown Source) ~[?:?]
	at org.apache.xerces.impl.xs.XMLSchemaValidator.handleStartElement(Unknown Source) ~[?:?]
	at org.apache.xerces.impl.xs.XMLSchemaValidator.emptyElement(Unknown Source) ~[?:?]
	at org.apache.xerces.impl.XMLNSDocumentScannerImpl.scanStartElement(Unknown Source) ~[?:?]
	at org.apache.xerces.impl.XMLDocumentFragmentScannerImpl$FragmentContentDispatcher.dispatch(Unknown Source) ~[?:?]
	at org.apache.xerces.impl.XMLDocumentFragmentScannerImpl.scanDocument(Unknown Source) ~[?:?]
	at org.apache.xerces.parsers.XML11Configuration.parse(Unknown Source) ~[?:?]
	at org.apache.xerces.parsers.XML11Configuration.parse(Unknown Source) ~[?:?]
	at org.apache.xerces.parsers.XMLParser.parse(Unknown Source) ~[?:?]
	at org.apache.xerces.parsers.DOMParser.parse(Unknown Source) ~[?:?]
	at org.apache.xerces.jaxp.DocumentBuilderImpl.parse(Unknown Source) ~[?:?]
	at org.springframework.beans.factory.xml.DefaultDocumentLoader.loadDocument(DefaultDocumentLoader.java:75) ~[spring-beans-3.2.10.RELEASE.jar:3.2.10.RELEASE]
	at org.springframework.beans.factory.xml.XmlBeanDefinitionReader.doLoadBeanDefinitions(XmlBeanDefinitionReader.java:388) ~[spring-beans-3.2.10.RELEASE.jar:3.2.10.RELEASE]
	at org.springframework.beans.factory.xml.XmlBeanDefinitionReader.loadBeanDefinitions(XmlBeanDefinitionReader.java:334) ~[spring-beans-3.2.10.RELEASE.jar:3.2.10.RELEASE]
	at org.springframework.beans.factory.xml.XmlBeanDefinitionReader.loadBeanDefinitions(XmlBeanDefinitionReader.java:302) ~[spring-beans-3.2.10.RELEASE.jar:3.2.10.RELEASE]
	at org.springframework.beans.factory.support.AbstractBeanDefinitionReader.loadBeanDefinitions(AbstractBeanDefinitionReader.java:174) ~[spring-beans-3.2.10.RELEASE.jar:3.2.10.RELEASE]
	at org.mule.config.spring.MuleArtifactContext.loadBeanDefinitions(MuleArtifactContext.java:106) ~[mule-module-spring-config-3.6.0.jar:3.6.0]
	at org.springframework.context.support.AbstractRefreshableApplicationContext.refreshBeanFactory(AbstractRefreshableApplicationContext.java:130) ~[spring-context-3.2.10.RELEASE.jar:3.2.10.RELEASE]
	at org.springframework.context.support.AbstractApplicationContext.obtainFreshBeanFactory(AbstractApplicationContext.java:537) ~[spring-context-3.2.10.RELEASE.jar:3.2.10.RELEASE]
	at org.springframework.context.support.AbstractApplicationContext.refresh(AbstractApplicationContext.java:451) ~[spring-context-3.2.10.RELEASE.jar:3.2.10.RELEASE]
	at org.mule.config.spring.SpringRegistry.doInitialise(SpringRegistry.java:86) ~[mule-module-spring-config-3.6.0.jar:3.6.0]
	at org.mule.registry.AbstractRegistry.initialise(AbstractRegistry.java:105) ~[mule-core-3.6.0.jar:3.6.0]
	at org.mule.config.spring.SpringXmlConfigurationBuilder.createSpringRegistry(SpringXmlConfigurationBuilder.java:135) ~[mule-module-spring-config-3.6.0.jar:3.6.0]
	at org.mule.config.spring.SpringXmlConfigurationBuilder.doConfigure(SpringXmlConfigurationBuilder.java:90) ~[mule-module-spring-config-3.6.0.jar:3.6.0]
	at org.mule.config.builders.AbstractConfigurationBuilder.configure(AbstractConfigurationBuilder.java:43) ~[mule-core-3.6.0.jar:3.6.0]
	at org.mule.config.builders.AbstractResourceConfigurationBuilder.configure(AbstractResourceConfigurationBuilder.java:69) ~[mule-core-3.6.0.jar:3.6.0]
	at org.mule.config.builders.AutoConfigurationBuilder.autoConfigure(AutoConfigurationBuilder.java:101) ~[mule-core-3.6.0.jar:3.6.0]
	at org.mule.config.builders.AutoConfigurationBuilder.doConfigure(AutoConfigurationBuilder.java:52) ~[mule-core-3.6.0.jar:3.6.0]
	at org.mule.config.builders.AbstractConfigurationBuilder.configure(AbstractConfigurationBuilder.java:43) ~[mule-core-3.6.0.jar:3.6.0]
	at org.mule.config.builders.AbstractResourceConfigurationBuilder.configure(AbstractResourceConfigurationBuilder.java:69) ~[mule-core-3.6.0.jar:3.6.0]
	at org.mule.context.DefaultMuleContextFactory$1.configure(DefaultMuleContextFactory.java:84) ~[mule-core-3.6.0.jar:3.6.0]
	at org.mule.context.DefaultMuleContextFactory.doCreateMuleContext(DefaultMuleContextFactory.java:217) ~[mule-core-3.6.0.jar:3.6.0]
	at org.mule.context.DefaultMuleContextFactory.createMuleContext(DefaultMuleContextFactory.java:76) ~[mule-core-3.6.0.jar:3.6.0]
	at org.mule.module.launcher.application.DefaultMuleApplication.init(DefaultMuleApplication.java:187) ~[mule-module-launcher-3.6.0.jar:3.6.0]
	at org.mule.module.launcher.artifact.ArtifactWrapper$2.execute(ArtifactWrapper.java:62) ~[mule-module-launcher-3.6.0.jar:3.6.0]
	at org.mule.module.launcher.artifact.ArtifactWrapper.executeWithinArtifactClassLoader(ArtifactWrapper.java:129) ~[mule-module-launcher-3.6.0.jar:3.6.0]
	at org.mule.module.launcher.artifact.ArtifactWrapper.init(ArtifactWrapper.java:57) ~[mule-module-launcher-3.6.0.jar:3.6.0]
	at org.mule.module.launcher.DefaultArtifactDeployer.deploy(DefaultArtifactDeployer.java:25) ~[mule-module-launcher-3.6.0.jar:3.6.0]
	at org.mule.module.launcher.DefaultArchiveDeployer.guardedDeploy(DefaultArchiveDeployer.java:310) ~[mule-module-launcher-3.6.0.jar:3.6.0]
	at org.mule.module.launcher.DefaultArchiveDeployer.deployArtifact(DefaultArchiveDeployer.java:330) ~[mule-module-launcher-3.6.0.jar:3.6.0]
	at org.mule.module.launcher.DefaultArchiveDeployer.deployPackagedArtifact(DefaultArchiveDeployer.java:155) ~[mule-module-launcher-3.6.0.jar:3.6.0]
	at org.mule.module.launcher.DefaultArchiveDeployer.deployPackagedArtifact(DefaultArchiveDeployer.java:256) ~[mule-module-launcher-3.6.0.jar:3.6.0]
	at org.mule.module.launcher.DefaultArchiveDeployer.deployPackagedArtifact(DefaultArchiveDeployer.java:78) ~[mule-module-launcher-3.6.0.jar:3.6.0]
	at org.mule.module.launcher.DeploymentDirectoryWatcher.deployPackedApps(DeploymentDirectoryWatcher.java:275) ~[mule-module-launcher-3.6.0.jar:3.6.0]
	at org.mule.module.launcher.DeploymentDirectoryWatcher.start(DeploymentDirectoryWatcher.java:150) ~[mule-module-launcher-3.6.0.jar:3.6.0]
	at org.mule.module.launcher.MuleDeploymentService.start(MuleDeploymentService.java:100) ~[mule-module-launcher-3.6.0.jar:3.6.0]
	at org.mule.module.launcher.MuleContainer.start(MuleContainer.java:152) ~[mule-module-launcher-3.6.0.jar:3.6.0]
	at org.mule.tooling.server.application.ApplicationDeployer.main(ApplicationDeployer.java:15) ~[tooling-support-3.6.0.jar:?]
INFO  2015-01-28 00:06:50,846 [main] org.mule.module.launcher.application.DefaultMuleApplication: App 'http-request-response-with-logger' never started, nothing to dispose of
INFO  2015-01-28 00:09:36,354 [main] org.mule.module.launcher.application.DefaultMuleApplication: 
++++++++++++++++++++++++++++++++++++++++++++++++++++++++++++
+ Initializing app 'http-request-response-with-logger'     +
++++++++++++++++++++++++++++++++++++++++++++++++++++++++++++
INFO  2015-01-28 00:09:36,522 [main] org.mule.lifecycle.AbstractLifecycleManager: Initialising RegistryBroker
INFO  2015-01-28 00:09:36,757 [main] org.mule.config.spring.MuleArtifactContext: Refreshing org.mule.config.spring.MuleArtifactContext@239de86: startup date [Wed Jan 28 00:09:36 EST 2015]; root of context hierarchy
INFO  2015-01-28 00:09:37,948 [main] org.mule.lifecycle.AbstractLifecycleManager: Disposing RegistryBroker
ERROR 2015-01-28 00:09:38,136 [main] org.mule.module.launcher.application.DefaultMuleApplication: null
org.xml.sax.SAXParseException: cvc-complex-type.2.4.a: Invalid content was found starting with element 'objectstore:config'. One of '{"http://www.springframework.org/schema/beans":beans, "http://www.springframework.org/schema/beans":bean, "http://www.springframework.org/schema/context":property-placeholder, "http://www.springframework.org/schema/beans":ref, "http://www.mulesoft.org/schema/mule/core":global-property, "http://www.mulesoft.org/schema/mule/core":configuration, "http://www.mulesoft.org/schema/mule/core":notifications, "http://www.mulesoft.org/schema/mule/core":abstract-extension, "http://www.mulesoft.org/schema/mule/core":abstract-shared-extension, "http://www.mulesoft.org/schema/mule/core":abstract-mixed-content-extension, "http://www.mulesoft.org/schema/mule/core":abstract-agent, "http://www.mulesoft.org/schema/mule/core":abstract-security-manager, "http://www.mulesoft.org/schema/mule/core":abstract-transaction-manager, "http://www.mulesoft.org/schema/mule/core":abstract-shared-transaction-manager, "http://www.mulesoft.org/schema/mule/core":abstract-connector, "http://www.mulesoft.org/schema/mule/core":abstract-shared-connector, "http://www.mulesoft.org/schema/mule/core":abstract-global-endpoint, "http://www.mulesoft.org/schema/mule/core":abstract-exception-strategy, "http://www.mulesoft.org/schema/mule/core":abstract-flow-construct, "http://www.mulesoft.org/schema/mule/core":flow, "http://www.mulesoft.org/schema/mule/core":sub-flow, "http://www.mulesoft.org/schema/mule/core":abstract-model, "http://www.mulesoft.org/schema/mule/core":abstract-interceptor-stack, "http://www.mulesoft.org/schema/mule/core":abstract-filter, "http://www.mulesoft.org/schema/mule/core":abstract-transformer, "http://www.mulesoft.org/schema/mule/core":processor-chain, "http://www.mulesoft.org/schema/mule/core":custom-processor, "http://www.mulesoft.org/schema/mule/core":abstract-empty-processor, "http://www.mulesoft.org/schema/mule/core":invoke, "http://www.mulesoft.org/schema/mule/core":abstract-global-intercepting-message-processor, "http://www.mulesoft.org/schema/mule/core":custom-queue-store, "http://www.mulesoft.org/schema/mule/core":abstract-processing-strategy}' is expected.
	at org.apache.xerces.util.ErrorHandlerWrapper.createSAXParseException(Unknown Source) ~[?:?]
	at org.apache.xerces.util.ErrorHandlerWrapper.error(Unknown Source) ~[?:?]
	at org.apache.xerces.impl.XMLErrorReporter.reportError(Unknown Source) ~[?:?]
	at org.apache.xerces.impl.XMLErrorReporter.reportError(Unknown Source) ~[?:?]
	at org.apache.xerces.impl.XMLErrorReporter.reportError(Unknown Source) ~[?:?]
	at org.apache.xerces.impl.xs.XMLSchemaValidator$XSIErrorReporter.reportError(Unknown Source) ~[?:?]
	at org.apache.xerces.impl.xs.XMLSchemaValidator.reportSchemaError(Unknown Source) ~[?:?]
	at org.apache.xerces.impl.xs.XMLSchemaValidator.handleStartElement(Unknown Source) ~[?:?]
	at org.apache.xerces.impl.xs.XMLSchemaValidator.emptyElement(Unknown Source) ~[?:?]
	at org.apache.xerces.impl.XMLNSDocumentScannerImpl.scanStartElement(Unknown Source) ~[?:?]
	at org.apache.xerces.impl.XMLDocumentFragmentScannerImpl$FragmentContentDispatcher.dispatch(Unknown Source) ~[?:?]
	at org.apache.xerces.impl.XMLDocumentFragmentScannerImpl.scanDocument(Unknown Source) ~[?:?]
	at org.apache.xerces.parsers.XML11Configuration.parse(Unknown Source) ~[?:?]
	at org.apache.xerces.parsers.XML11Configuration.parse(Unknown Source) ~[?:?]
	at org.apache.xerces.parsers.XMLParser.parse(Unknown Source) ~[?:?]
	at org.apache.xerces.parsers.DOMParser.parse(Unknown Source) ~[?:?]
	at org.apache.xerces.jaxp.DocumentBuilderImpl.parse(Unknown Source) ~[?:?]
	at org.springframework.beans.factory.xml.DefaultDocumentLoader.loadDocument(DefaultDocumentLoader.java:75) ~[spring-beans-3.2.10.RELEASE.jar:3.2.10.RELEASE]
	at org.springframework.beans.factory.xml.XmlBeanDefinitionReader.doLoadBeanDefinitions(XmlBeanDefinitionReader.java:388) ~[spring-beans-3.2.10.RELEASE.jar:3.2.10.RELEASE]
	at org.springframework.beans.factory.xml.XmlBeanDefinitionReader.loadBeanDefinitions(XmlBeanDefinitionReader.java:334) ~[spring-beans-3.2.10.RELEASE.jar:3.2.10.RELEASE]
	at org.springframework.beans.factory.xml.XmlBeanDefinitionReader.loadBeanDefinitions(XmlBeanDefinitionReader.java:302) ~[spring-beans-3.2.10.RELEASE.jar:3.2.10.RELEASE]
	at org.springframework.beans.factory.support.AbstractBeanDefinitionReader.loadBeanDefinitions(AbstractBeanDefinitionReader.java:174) ~[spring-beans-3.2.10.RELEASE.jar:3.2.10.RELEASE]
	at org.mule.config.spring.MuleArtifactContext.loadBeanDefinitions(MuleArtifactContext.java:106) ~[mule-module-spring-config-3.6.0.jar:3.6.0]
	at org.springframework.context.support.AbstractRefreshableApplicationContext.refreshBeanFactory(AbstractRefreshableApplicationContext.java:130) ~[spring-context-3.2.10.RELEASE.jar:3.2.10.RELEASE]
	at org.springframework.context.support.AbstractApplicationContext.obtainFreshBeanFactory(AbstractApplicationContext.java:537) ~[spring-context-3.2.10.RELEASE.jar:3.2.10.RELEASE]
	at org.springframework.context.support.AbstractApplicationContext.refresh(AbstractApplicationContext.java:451) ~[spring-context-3.2.10.RELEASE.jar:3.2.10.RELEASE]
	at org.mule.config.spring.SpringRegistry.doInitialise(SpringRegistry.java:86) ~[mule-module-spring-config-3.6.0.jar:3.6.0]
	at org.mule.registry.AbstractRegistry.initialise(AbstractRegistry.java:105) ~[mule-core-3.6.0.jar:3.6.0]
	at org.mule.config.spring.SpringXmlConfigurationBuilder.createSpringRegistry(SpringXmlConfigurationBuilder.java:135) ~[mule-module-spring-config-3.6.0.jar:3.6.0]
	at org.mule.config.spring.SpringXmlConfigurationBuilder.doConfigure(SpringXmlConfigurationBuilder.java:90) ~[mule-module-spring-config-3.6.0.jar:3.6.0]
	at org.mule.config.builders.AbstractConfigurationBuilder.configure(AbstractConfigurationBuilder.java:43) ~[mule-core-3.6.0.jar:3.6.0]
	at org.mule.config.builders.AbstractResourceConfigurationBuilder.configure(AbstractResourceConfigurationBuilder.java:69) ~[mule-core-3.6.0.jar:3.6.0]
	at org.mule.config.builders.AutoConfigurationBuilder.autoConfigure(AutoConfigurationBuilder.java:101) ~[mule-core-3.6.0.jar:3.6.0]
	at org.mule.config.builders.AutoConfigurationBuilder.doConfigure(AutoConfigurationBuilder.java:52) ~[mule-core-3.6.0.jar:3.6.0]
	at org.mule.config.builders.AbstractConfigurationBuilder.configure(AbstractConfigurationBuilder.java:43) ~[mule-core-3.6.0.jar:3.6.0]
	at org.mule.config.builders.AbstractResourceConfigurationBuilder.configure(AbstractResourceConfigurationBuilder.java:69) ~[mule-core-3.6.0.jar:3.6.0]
	at org.mule.context.DefaultMuleContextFactory$1.configure(DefaultMuleContextFactory.java:84) ~[mule-core-3.6.0.jar:3.6.0]
	at org.mule.context.DefaultMuleContextFactory.doCreateMuleContext(DefaultMuleContextFactory.java:217) ~[mule-core-3.6.0.jar:3.6.0]
	at org.mule.context.DefaultMuleContextFactory.createMuleContext(DefaultMuleContextFactory.java:76) ~[mule-core-3.6.0.jar:3.6.0]
	at org.mule.module.launcher.application.DefaultMuleApplication.init(DefaultMuleApplication.java:187) ~[mule-module-launcher-3.6.0.jar:3.6.0]
	at org.mule.module.launcher.artifact.ArtifactWrapper$2.execute(ArtifactWrapper.java:62) ~[mule-module-launcher-3.6.0.jar:3.6.0]
	at org.mule.module.launcher.artifact.ArtifactWrapper.executeWithinArtifactClassLoader(ArtifactWrapper.java:129) ~[mule-module-launcher-3.6.0.jar:3.6.0]
	at org.mule.module.launcher.artifact.ArtifactWrapper.init(ArtifactWrapper.java:57) ~[mule-module-launcher-3.6.0.jar:3.6.0]
	at org.mule.module.launcher.DefaultArtifactDeployer.deploy(DefaultArtifactDeployer.java:25) ~[mule-module-launcher-3.6.0.jar:3.6.0]
	at org.mule.module.launcher.DefaultArchiveDeployer.guardedDeploy(DefaultArchiveDeployer.java:310) ~[mule-module-launcher-3.6.0.jar:3.6.0]
	at org.mule.module.launcher.DefaultArchiveDeployer.deployArtifact(DefaultArchiveDeployer.java:330) ~[mule-module-launcher-3.6.0.jar:3.6.0]
	at org.mule.module.launcher.DefaultArchiveDeployer.deployPackagedArtifact(DefaultArchiveDeployer.java:155) ~[mule-module-launcher-3.6.0.jar:3.6.0]
	at org.mule.module.launcher.DefaultArchiveDeployer.deployPackagedArtifact(DefaultArchiveDeployer.java:256) ~[mule-module-launcher-3.6.0.jar:3.6.0]
	at org.mule.module.launcher.DefaultArchiveDeployer.deployPackagedArtifact(DefaultArchiveDeployer.java:78) ~[mule-module-launcher-3.6.0.jar:3.6.0]
	at org.mule.module.launcher.DeploymentDirectoryWatcher.deployPackedApps(DeploymentDirectoryWatcher.java:275) ~[mule-module-launcher-3.6.0.jar:3.6.0]
	at org.mule.module.launcher.DeploymentDirectoryWatcher.start(DeploymentDirectoryWatcher.java:150) ~[mule-module-launcher-3.6.0.jar:3.6.0]
	at org.mule.module.launcher.MuleDeploymentService.start(MuleDeploymentService.java:100) ~[mule-module-launcher-3.6.0.jar:3.6.0]
	at org.mule.module.launcher.MuleContainer.start(MuleContainer.java:152) ~[mule-module-launcher-3.6.0.jar:3.6.0]
	at org.mule.tooling.server.application.ApplicationDeployer.main(ApplicationDeployer.java:15) ~[tooling-support-3.6.0.jar:?]
INFO  2015-01-28 00:09:38,137 [main] org.mule.module.launcher.application.DefaultMuleApplication: App 'http-request-response-with-logger' never started, nothing to dispose of
INFO  2015-01-28 00:10:28,843 [main] org.mule.module.launcher.application.DefaultMuleApplication: 
++++++++++++++++++++++++++++++++++++++++++++++++++++++++++++
+ Initializing app 'http-request-response-with-logger'     +
++++++++++++++++++++++++++++++++++++++++++++++++++++++++++++
INFO  2015-01-28 00:10:29,019 [main] org.mule.lifecycle.AbstractLifecycleManager: Initialising RegistryBroker
INFO  2015-01-28 00:10:29,196 [main] org.mule.config.spring.MuleArtifactContext: Refreshing org.mule.config.spring.MuleArtifactContext@69070ffc: startup date [Wed Jan 28 00:10:29 EST 2015]; root of context hierarchy
WARN  2015-01-28 00:10:30,909 [main] org.springframework.beans.factory.xml.XmlBeanDefinitionReader: Ignored XML validation warning
org.xml.sax.SAXParseException: schema_reference.4: Failed to read schema document 'http://www.mulesoft.org/schema/mule/objectstore/current/mule-objectstore.xsd', because 1) could not find the document; 2) the document could not be read; 3) the root element of the document is not <xsd:schema>.
	at org.apache.xerces.util.ErrorHandlerWrapper.createSAXParseException(Unknown Source) ~[?:?]
	at org.apache.xerces.util.ErrorHandlerWrapper.warning(Unknown Source) ~[?:?]
	at org.apache.xerces.impl.XMLErrorReporter.reportError(Unknown Source) ~[?:?]
	at org.apache.xerces.impl.XMLErrorReporter.reportError(Unknown Source) ~[?:?]
	at org.apache.xerces.impl.XMLErrorReporter.reportError(Unknown Source) ~[?:?]
	at org.apache.xerces.impl.xs.traversers.XSDHandler.reportSchemaWarning(Unknown Source) ~[?:?]
	at org.apache.xerces.impl.xs.traversers.XSDHandler.getSchemaDocument(Unknown Source) ~[?:?]
	at org.apache.xerces.impl.xs.traversers.XSDHandler.parseSchema(Unknown Source) ~[?:?]
	at org.apache.xerces.impl.xs.XMLSchemaLoader.loadSchema(Unknown Source) ~[?:?]
	at org.apache.xerces.impl.xs.XMLSchemaValidator.findSchemaGrammar(Unknown Source) ~[?:?]
	at org.apache.xerces.impl.xs.XMLSchemaValidator.handleStartElement(Unknown Source) ~[?:?]
	at org.apache.xerces.impl.xs.XMLSchemaValidator.emptyElement(Unknown Source) ~[?:?]
	at org.apache.xerces.impl.XMLNSDocumentScannerImpl.scanStartElement(Unknown Source) ~[?:?]
	at org.apache.xerces.impl.XMLDocumentFragmentScannerImpl$FragmentContentDispatcher.dispatch(Unknown Source) ~[?:?]
	at org.apache.xerces.impl.XMLDocumentFragmentScannerImpl.scanDocument(Unknown Source) ~[?:?]
	at org.apache.xerces.parsers.XML11Configuration.parse(Unknown Source) ~[?:?]
	at org.apache.xerces.parsers.XML11Configuration.parse(Unknown Source) ~[?:?]
	at org.apache.xerces.parsers.XMLParser.parse(Unknown Source) ~[?:?]
	at org.apache.xerces.parsers.DOMParser.parse(Unknown Source) ~[?:?]
	at org.apache.xerces.jaxp.DocumentBuilderImpl.parse(Unknown Source) ~[?:?]
	at org.springframework.beans.factory.xml.DefaultDocumentLoader.loadDocument(DefaultDocumentLoader.java:75) ~[spring-beans-3.2.10.RELEASE.jar:3.2.10.RELEASE]
	at org.springframework.beans.factory.xml.XmlBeanDefinitionReader.doLoadBeanDefinitions(XmlBeanDefinitionReader.java:388) ~[spring-beans-3.2.10.RELEASE.jar:3.2.10.RELEASE]
	at org.springframework.beans.factory.xml.XmlBeanDefinitionReader.loadBeanDefinitions(XmlBeanDefinitionReader.java:334) ~[spring-beans-3.2.10.RELEASE.jar:3.2.10.RELEASE]
	at org.springframework.beans.factory.xml.XmlBeanDefinitionReader.loadBeanDefinitions(XmlBeanDefinitionReader.java:302) ~[spring-beans-3.2.10.RELEASE.jar:3.2.10.RELEASE]
	at org.springframework.beans.factory.support.AbstractBeanDefinitionReader.loadBeanDefinitions(AbstractBeanDefinitionReader.java:174) ~[spring-beans-3.2.10.RELEASE.jar:3.2.10.RELEASE]
	at org.mule.config.spring.MuleArtifactContext.loadBeanDefinitions(MuleArtifactContext.java:106) ~[mule-module-spring-config-3.6.0.jar:3.6.0]
	at org.springframework.context.support.AbstractRefreshableApplicationContext.refreshBeanFactory(AbstractRefreshableApplicationContext.java:130) ~[spring-context-3.2.10.RELEASE.jar:3.2.10.RELEASE]
	at org.springframework.context.support.AbstractApplicationContext.obtainFreshBeanFactory(AbstractApplicationContext.java:537) ~[spring-context-3.2.10.RELEASE.jar:3.2.10.RELEASE]
	at org.springframework.context.support.AbstractApplicationContext.refresh(AbstractApplicationContext.java:451) ~[spring-context-3.2.10.RELEASE.jar:3.2.10.RELEASE]
	at org.mule.config.spring.SpringRegistry.doInitialise(SpringRegistry.java:86) ~[mule-module-spring-config-3.6.0.jar:3.6.0]
	at org.mule.registry.AbstractRegistry.initialise(AbstractRegistry.java:105) ~[mule-core-3.6.0.jar:3.6.0]
	at org.mule.config.spring.SpringXmlConfigurationBuilder.createSpringRegistry(SpringXmlConfigurationBuilder.java:135) ~[mule-module-spring-config-3.6.0.jar:3.6.0]
	at org.mule.config.spring.SpringXmlConfigurationBuilder.doConfigure(SpringXmlConfigurationBuilder.java:90) ~[mule-module-spring-config-3.6.0.jar:3.6.0]
	at org.mule.config.builders.AbstractConfigurationBuilder.configure(AbstractConfigurationBuilder.java:43) ~[mule-core-3.6.0.jar:3.6.0]
	at org.mule.config.builders.AbstractResourceConfigurationBuilder.configure(AbstractResourceConfigurationBuilder.java:69) ~[mule-core-3.6.0.jar:3.6.0]
	at org.mule.config.builders.AutoConfigurationBuilder.autoConfigure(AutoConfigurationBuilder.java:101) ~[mule-core-3.6.0.jar:3.6.0]
	at org.mule.config.builders.AutoConfigurationBuilder.doConfigure(AutoConfigurationBuilder.java:52) ~[mule-core-3.6.0.jar:3.6.0]
	at org.mule.config.builders.AbstractConfigurationBuilder.configure(AbstractConfigurationBuilder.java:43) ~[mule-core-3.6.0.jar:3.6.0]
	at org.mule.config.builders.AbstractResourceConfigurationBuilder.configure(AbstractResourceConfigurationBuilder.java:69) ~[mule-core-3.6.0.jar:3.6.0]
	at org.mule.context.DefaultMuleContextFactory$1.configure(DefaultMuleContextFactory.java:84) ~[mule-core-3.6.0.jar:3.6.0]
	at org.mule.context.DefaultMuleContextFactory.doCreateMuleContext(DefaultMuleContextFactory.java:217) ~[mule-core-3.6.0.jar:3.6.0]
	at org.mule.context.DefaultMuleContextFactory.createMuleContext(DefaultMuleContextFactory.java:76) ~[mule-core-3.6.0.jar:3.6.0]
	at org.mule.module.launcher.application.DefaultMuleApplication.init(DefaultMuleApplication.java:187) ~[mule-module-launcher-3.6.0.jar:3.6.0]
	at org.mule.module.launcher.artifact.ArtifactWrapper$2.execute(ArtifactWrapper.java:62) ~[mule-module-launcher-3.6.0.jar:3.6.0]
	at org.mule.module.launcher.artifact.ArtifactWrapper.executeWithinArtifactClassLoader(ArtifactWrapper.java:129) ~[mule-module-launcher-3.6.0.jar:3.6.0]
	at org.mule.module.launcher.artifact.ArtifactWrapper.init(ArtifactWrapper.java:57) ~[mule-module-launcher-3.6.0.jar:3.6.0]
	at org.mule.module.launcher.DefaultArtifactDeployer.deploy(DefaultArtifactDeployer.java:25) ~[mule-module-launcher-3.6.0.jar:3.6.0]
	at org.mule.module.launcher.DefaultArchiveDeployer.guardedDeploy(DefaultArchiveDeployer.java:310) ~[mule-module-launcher-3.6.0.jar:3.6.0]
	at org.mule.module.launcher.DefaultArchiveDeployer.deployArtifact(DefaultArchiveDeployer.java:330) ~[mule-module-launcher-3.6.0.jar:3.6.0]
	at org.mule.module.launcher.DefaultArchiveDeployer.deployPackagedArtifact(DefaultArchiveDeployer.java:155) ~[mule-module-launcher-3.6.0.jar:3.6.0]
	at org.mule.module.launcher.DefaultArchiveDeployer.deployPackagedArtifact(DefaultArchiveDeployer.java:256) ~[mule-module-launcher-3.6.0.jar:3.6.0]
	at org.mule.module.launcher.DefaultArchiveDeployer.deployPackagedArtifact(DefaultArchiveDeployer.java:78) ~[mule-module-launcher-3.6.0.jar:3.6.0]
	at org.mule.module.launcher.DeploymentDirectoryWatcher.deployPackedApps(DeploymentDirectoryWatcher.java:275) ~[mule-module-launcher-3.6.0.jar:3.6.0]
	at org.mule.module.launcher.DeploymentDirectoryWatcher.start(DeploymentDirectoryWatcher.java:150) ~[mule-module-launcher-3.6.0.jar:3.6.0]
	at org.mule.module.launcher.MuleDeploymentService.start(MuleDeploymentService.java:100) ~[mule-module-launcher-3.6.0.jar:3.6.0]
	at org.mule.module.launcher.MuleContainer.start(MuleContainer.java:152) ~[mule-module-launcher-3.6.0.jar:3.6.0]
	at org.mule.tooling.server.application.ApplicationDeployer.main(ApplicationDeployer.java:15) ~[tooling-support-3.6.0.jar:?]
INFO  2015-01-28 00:10:31,001 [main] org.mule.lifecycle.AbstractLifecycleManager: Disposing RegistryBroker
ERROR 2015-01-28 00:10:31,031 [main] org.mule.module.launcher.application.DefaultMuleApplication: null
org.xml.sax.SAXParseException: cvc-complex-type.2.4.a: Invalid content was found starting with element 'objectstore:config'. One of '{"http://www.springframework.org/schema/beans":beans, "http://www.springframework.org/schema/beans":bean, "http://www.springframework.org/schema/context":property-placeholder, "http://www.springframework.org/schema/beans":ref, "http://www.mulesoft.org/schema/mule/core":global-property, "http://www.mulesoft.org/schema/mule/core":configuration, "http://www.mulesoft.org/schema/mule/core":notifications, "http://www.mulesoft.org/schema/mule/core":abstract-extension, "http://www.mulesoft.org/schema/mule/core":abstract-shared-extension, "http://www.mulesoft.org/schema/mule/core":abstract-mixed-content-extension, "http://www.mulesoft.org/schema/mule/core":abstract-agent, "http://www.mulesoft.org/schema/mule/core":abstract-security-manager, "http://www.mulesoft.org/schema/mule/core":abstract-transaction-manager, "http://www.mulesoft.org/schema/mule/core":abstract-shared-transaction-manager, "http://www.mulesoft.org/schema/mule/core":abstract-connector, "http://www.mulesoft.org/schema/mule/core":abstract-shared-connector, "http://www.mulesoft.org/schema/mule/core":abstract-global-endpoint, "http://www.mulesoft.org/schema/mule/core":abstract-exception-strategy, "http://www.mulesoft.org/schema/mule/core":abstract-flow-construct, "http://www.mulesoft.org/schema/mule/core":flow, "http://www.mulesoft.org/schema/mule/core":sub-flow, "http://www.mulesoft.org/schema/mule/core":abstract-model, "http://www.mulesoft.org/schema/mule/core":abstract-interceptor-stack, "http://www.mulesoft.org/schema/mule/core":abstract-filter, "http://www.mulesoft.org/schema/mule/core":abstract-transformer, "http://www.mulesoft.org/schema/mule/core":processor-chain, "http://www.mulesoft.org/schema/mule/core":custom-processor, "http://www.mulesoft.org/schema/mule/core":abstract-empty-processor, "http://www.mulesoft.org/schema/mule/core":invoke, "http://www.mulesoft.org/schema/mule/core":abstract-global-intercepting-message-processor, "http://www.mulesoft.org/schema/mule/core":custom-queue-store, "http://www.mulesoft.org/schema/mule/core":abstract-processing-strategy}' is expected.
	at org.apache.xerces.util.ErrorHandlerWrapper.createSAXParseException(Unknown Source) ~[?:?]
	at org.apache.xerces.util.ErrorHandlerWrapper.error(Unknown Source) ~[?:?]
	at org.apache.xerces.impl.XMLErrorReporter.reportError(Unknown Source) ~[?:?]
	at org.apache.xerces.impl.XMLErrorReporter.reportError(Unknown Source) ~[?:?]
	at org.apache.xerces.impl.XMLErrorReporter.reportError(Unknown Source) ~[?:?]
	at org.apache.xerces.impl.xs.XMLSchemaValidator$XSIErrorReporter.reportError(Unknown Source) ~[?:?]
	at org.apache.xerces.impl.xs.XMLSchemaValidator.reportSchemaError(Unknown Source) ~[?:?]
	at org.apache.xerces.impl.xs.XMLSchemaValidator.handleStartElement(Unknown Source) ~[?:?]
	at org.apache.xerces.impl.xs.XMLSchemaValidator.emptyElement(Unknown Source) ~[?:?]
	at org.apache.xerces.impl.XMLNSDocumentScannerImpl.scanStartElement(Unknown Source) ~[?:?]
	at org.apache.xerces.impl.XMLDocumentFragmentScannerImpl$FragmentContentDispatcher.dispatch(Unknown Source) ~[?:?]
	at org.apache.xerces.impl.XMLDocumentFragmentScannerImpl.scanDocument(Unknown Source) ~[?:?]
	at org.apache.xerces.parsers.XML11Configuration.parse(Unknown Source) ~[?:?]
	at org.apache.xerces.parsers.XML11Configuration.parse(Unknown Source) ~[?:?]
	at org.apache.xerces.parsers.XMLParser.parse(Unknown Source) ~[?:?]
	at org.apache.xerces.parsers.DOMParser.parse(Unknown Source) ~[?:?]
	at org.apache.xerces.jaxp.DocumentBuilderImpl.parse(Unknown Source) ~[?:?]
	at org.springframework.beans.factory.xml.DefaultDocumentLoader.loadDocument(DefaultDocumentLoader.java:75) ~[spring-beans-3.2.10.RELEASE.jar:3.2.10.RELEASE]
	at org.springframework.beans.factory.xml.XmlBeanDefinitionReader.doLoadBeanDefinitions(XmlBeanDefinitionReader.java:388) ~[spring-beans-3.2.10.RELEASE.jar:3.2.10.RELEASE]
	at org.springframework.beans.factory.xml.XmlBeanDefinitionReader.loadBeanDefinitions(XmlBeanDefinitionReader.java:334) ~[spring-beans-3.2.10.RELEASE.jar:3.2.10.RELEASE]
	at org.springframework.beans.factory.xml.XmlBeanDefinitionReader.loadBeanDefinitions(XmlBeanDefinitionReader.java:302) ~[spring-beans-3.2.10.RELEASE.jar:3.2.10.RELEASE]
	at org.springframework.beans.factory.support.AbstractBeanDefinitionReader.loadBeanDefinitions(AbstractBeanDefinitionReader.java:174) ~[spring-beans-3.2.10.RELEASE.jar:3.2.10.RELEASE]
	at org.mule.config.spring.MuleArtifactContext.loadBeanDefinitions(MuleArtifactContext.java:106) ~[mule-module-spring-config-3.6.0.jar:3.6.0]
	at org.springframework.context.support.AbstractRefreshableApplicationContext.refreshBeanFactory(AbstractRefreshableApplicationContext.java:130) ~[spring-context-3.2.10.RELEASE.jar:3.2.10.RELEASE]
	at org.springframework.context.support.AbstractApplicationContext.obtainFreshBeanFactory(AbstractApplicationContext.java:537) ~[spring-context-3.2.10.RELEASE.jar:3.2.10.RELEASE]
	at org.springframework.context.support.AbstractApplicationContext.refresh(AbstractApplicationContext.java:451) ~[spring-context-3.2.10.RELEASE.jar:3.2.10.RELEASE]
	at org.mule.config.spring.SpringRegistry.doInitialise(SpringRegistry.java:86) ~[mule-module-spring-config-3.6.0.jar:3.6.0]
	at org.mule.registry.AbstractRegistry.initialise(AbstractRegistry.java:105) ~[mule-core-3.6.0.jar:3.6.0]
	at org.mule.config.spring.SpringXmlConfigurationBuilder.createSpringRegistry(SpringXmlConfigurationBuilder.java:135) ~[mule-module-spring-config-3.6.0.jar:3.6.0]
	at org.mule.config.spring.SpringXmlConfigurationBuilder.doConfigure(SpringXmlConfigurationBuilder.java:90) ~[mule-module-spring-config-3.6.0.jar:3.6.0]
	at org.mule.config.builders.AbstractConfigurationBuilder.configure(AbstractConfigurationBuilder.java:43) ~[mule-core-3.6.0.jar:3.6.0]
	at org.mule.config.builders.AbstractResourceConfigurationBuilder.configure(AbstractResourceConfigurationBuilder.java:69) ~[mule-core-3.6.0.jar:3.6.0]
	at org.mule.config.builders.AutoConfigurationBuilder.autoConfigure(AutoConfigurationBuilder.java:101) ~[mule-core-3.6.0.jar:3.6.0]
	at org.mule.config.builders.AutoConfigurationBuilder.doConfigure(AutoConfigurationBuilder.java:52) ~[mule-core-3.6.0.jar:3.6.0]
	at org.mule.config.builders.AbstractConfigurationBuilder.configure(AbstractConfigurationBuilder.java:43) ~[mule-core-3.6.0.jar:3.6.0]
	at org.mule.config.builders.AbstractResourceConfigurationBuilder.configure(AbstractResourceConfigurationBuilder.java:69) ~[mule-core-3.6.0.jar:3.6.0]
	at org.mule.context.DefaultMuleContextFactory$1.configure(DefaultMuleContextFactory.java:84) ~[mule-core-3.6.0.jar:3.6.0]
	at org.mule.context.DefaultMuleContextFactory.doCreateMuleContext(DefaultMuleContextFactory.java:217) ~[mule-core-3.6.0.jar:3.6.0]
	at org.mule.context.DefaultMuleContextFactory.createMuleContext(DefaultMuleContextFactory.java:76) ~[mule-core-3.6.0.jar:3.6.0]
	at org.mule.module.launcher.application.DefaultMuleApplication.init(DefaultMuleApplication.java:187) ~[mule-module-launcher-3.6.0.jar:3.6.0]
	at org.mule.module.launcher.artifact.ArtifactWrapper$2.execute(ArtifactWrapper.java:62) ~[mule-module-launcher-3.6.0.jar:3.6.0]
	at org.mule.module.launcher.artifact.ArtifactWrapper.executeWithinArtifactClassLoader(ArtifactWrapper.java:129) ~[mule-module-launcher-3.6.0.jar:3.6.0]
	at org.mule.module.launcher.artifact.ArtifactWrapper.init(ArtifactWrapper.java:57) ~[mule-module-launcher-3.6.0.jar:3.6.0]
	at org.mule.module.launcher.DefaultArtifactDeployer.deploy(DefaultArtifactDeployer.java:25) ~[mule-module-launcher-3.6.0.jar:3.6.0]
	at org.mule.module.launcher.DefaultArchiveDeployer.guardedDeploy(DefaultArchiveDeployer.java:310) ~[mule-module-launcher-3.6.0.jar:3.6.0]
	at org.mule.module.launcher.DefaultArchiveDeployer.deployArtifact(DefaultArchiveDeployer.java:330) ~[mule-module-launcher-3.6.0.jar:3.6.0]
	at org.mule.module.launcher.DefaultArchiveDeployer.deployPackagedArtifact(DefaultArchiveDeployer.java:155) ~[mule-module-launcher-3.6.0.jar:3.6.0]
	at org.mule.module.launcher.DefaultArchiveDeployer.deployPackagedArtifact(DefaultArchiveDeployer.java:256) ~[mule-module-launcher-3.6.0.jar:3.6.0]
	at org.mule.module.launcher.DefaultArchiveDeployer.deployPackagedArtifact(DefaultArchiveDeployer.java:78) ~[mule-module-launcher-3.6.0.jar:3.6.0]
	at org.mule.module.launcher.DeploymentDirectoryWatcher.deployPackedApps(DeploymentDirectoryWatcher.java:275) ~[mule-module-launcher-3.6.0.jar:3.6.0]
	at org.mule.module.launcher.DeploymentDirectoryWatcher.start(DeploymentDirectoryWatcher.java:150) ~[mule-module-launcher-3.6.0.jar:3.6.0]
	at org.mule.module.launcher.MuleDeploymentService.start(MuleDeploymentService.java:100) ~[mule-module-launcher-3.6.0.jar:3.6.0]
	at org.mule.module.launcher.MuleContainer.start(MuleContainer.java:152) ~[mule-module-launcher-3.6.0.jar:3.6.0]
	at org.mule.tooling.server.application.ApplicationDeployer.main(ApplicationDeployer.java:15) ~[tooling-support-3.6.0.jar:?]
INFO  2015-01-28 00:10:31,032 [main] org.mule.module.launcher.application.DefaultMuleApplication: App 'http-request-response-with-logger' never started, nothing to dispose of
INFO  2015-01-28 00:33:41,139 [main] org.mule.module.launcher.application.DefaultMuleApplication: 
++++++++++++++++++++++++++++++++++++++++++++++++++++++++++++
+ Initializing app 'http-request-response-with-logger'     +
++++++++++++++++++++++++++++++++++++++++++++++++++++++++++++
INFO  2015-01-28 00:33:41,327 [main] org.mule.lifecycle.AbstractLifecycleManager: Initialising RegistryBroker
INFO  2015-01-28 00:33:41,553 [main] org.mule.config.spring.MuleArtifactContext: Refreshing org.mule.config.spring.MuleArtifactContext@23bdce67: startup date [Wed Jan 28 00:33:41 EST 2015]; root of context hierarchy
WARN  2015-01-28 00:33:43,226 [main] org.springframework.beans.factory.xml.XmlBeanDefinitionReader: Ignored XML validation warning
org.xml.sax.SAXParseException: schema_reference.4: Failed to read schema document 'http://www.mulesoft.org/schema/mule/objectstore/current/mule-objectstore.xsd', because 1) could not find the document; 2) the document could not be read; 3) the root element of the document is not <xsd:schema>.
	at org.apache.xerces.util.ErrorHandlerWrapper.createSAXParseException(Unknown Source) ~[?:?]
	at org.apache.xerces.util.ErrorHandlerWrapper.warning(Unknown Source) ~[?:?]
	at org.apache.xerces.impl.XMLErrorReporter.reportError(Unknown Source) ~[?:?]
	at org.apache.xerces.impl.XMLErrorReporter.reportError(Unknown Source) ~[?:?]
	at org.apache.xerces.impl.XMLErrorReporter.reportError(Unknown Source) ~[?:?]
	at org.apache.xerces.impl.xs.traversers.XSDHandler.reportSchemaWarning(Unknown Source) ~[?:?]
	at org.apache.xerces.impl.xs.traversers.XSDHandler.getSchemaDocument(Unknown Source) ~[?:?]
	at org.apache.xerces.impl.xs.traversers.XSDHandler.parseSchema(Unknown Source) ~[?:?]
	at org.apache.xerces.impl.xs.XMLSchemaLoader.loadSchema(Unknown Source) ~[?:?]
	at org.apache.xerces.impl.xs.XMLSchemaValidator.findSchemaGrammar(Unknown Source) ~[?:?]
	at org.apache.xerces.impl.xs.XMLSchemaValidator.handleStartElement(Unknown Source) ~[?:?]
	at org.apache.xerces.impl.xs.XMLSchemaValidator.emptyElement(Unknown Source) ~[?:?]
	at org.apache.xerces.impl.XMLNSDocumentScannerImpl.scanStartElement(Unknown Source) ~[?:?]
	at org.apache.xerces.impl.XMLDocumentFragmentScannerImpl$FragmentContentDispatcher.dispatch(Unknown Source) ~[?:?]
	at org.apache.xerces.impl.XMLDocumentFragmentScannerImpl.scanDocument(Unknown Source) ~[?:?]
	at org.apache.xerces.parsers.XML11Configuration.parse(Unknown Source) ~[?:?]
	at org.apache.xerces.parsers.XML11Configuration.parse(Unknown Source) ~[?:?]
	at org.apache.xerces.parsers.XMLParser.parse(Unknown Source) ~[?:?]
	at org.apache.xerces.parsers.DOMParser.parse(Unknown Source) ~[?:?]
	at org.apache.xerces.jaxp.DocumentBuilderImpl.parse(Unknown Source) ~[?:?]
	at org.springframework.beans.factory.xml.DefaultDocumentLoader.loadDocument(DefaultDocumentLoader.java:75) ~[spring-beans-3.2.10.RELEASE.jar:3.2.10.RELEASE]
	at org.springframework.beans.factory.xml.XmlBeanDefinitionReader.doLoadBeanDefinitions(XmlBeanDefinitionReader.java:388) ~[spring-beans-3.2.10.RELEASE.jar:3.2.10.RELEASE]
	at org.springframework.beans.factory.xml.XmlBeanDefinitionReader.loadBeanDefinitions(XmlBeanDefinitionReader.java:334) ~[spring-beans-3.2.10.RELEASE.jar:3.2.10.RELEASE]
	at org.springframework.beans.factory.xml.XmlBeanDefinitionReader.loadBeanDefinitions(XmlBeanDefinitionReader.java:302) ~[spring-beans-3.2.10.RELEASE.jar:3.2.10.RELEASE]
	at org.springframework.beans.factory.support.AbstractBeanDefinitionReader.loadBeanDefinitions(AbstractBeanDefinitionReader.java:174) ~[spring-beans-3.2.10.RELEASE.jar:3.2.10.RELEASE]
	at org.mule.config.spring.MuleArtifactContext.loadBeanDefinitions(MuleArtifactContext.java:106) ~[mule-module-spring-config-3.6.0.jar:3.6.0]
	at org.springframework.context.support.AbstractRefreshableApplicationContext.refreshBeanFactory(AbstractRefreshableApplicationContext.java:130) ~[spring-context-3.2.10.RELEASE.jar:3.2.10.RELEASE]
	at org.springframework.context.support.AbstractApplicationContext.obtainFreshBeanFactory(AbstractApplicationContext.java:537) ~[spring-context-3.2.10.RELEASE.jar:3.2.10.RELEASE]
	at org.springframework.context.support.AbstractApplicationContext.refresh(AbstractApplicationContext.java:451) ~[spring-context-3.2.10.RELEASE.jar:3.2.10.RELEASE]
	at org.mule.config.spring.SpringRegistry.doInitialise(SpringRegistry.java:86) ~[mule-module-spring-config-3.6.0.jar:3.6.0]
	at org.mule.registry.AbstractRegistry.initialise(AbstractRegistry.java:105) ~[mule-core-3.6.0.jar:3.6.0]
	at org.mule.config.spring.SpringXmlConfigurationBuilder.createSpringRegistry(SpringXmlConfigurationBuilder.java:135) ~[mule-module-spring-config-3.6.0.jar:3.6.0]
	at org.mule.config.spring.SpringXmlConfigurationBuilder.doConfigure(SpringXmlConfigurationBuilder.java:90) ~[mule-module-spring-config-3.6.0.jar:3.6.0]
	at org.mule.config.builders.AbstractConfigurationBuilder.configure(AbstractConfigurationBuilder.java:43) ~[mule-core-3.6.0.jar:3.6.0]
	at org.mule.config.builders.AbstractResourceConfigurationBuilder.configure(AbstractResourceConfigurationBuilder.java:69) ~[mule-core-3.6.0.jar:3.6.0]
	at org.mule.config.builders.AutoConfigurationBuilder.autoConfigure(AutoConfigurationBuilder.java:101) ~[mule-core-3.6.0.jar:3.6.0]
	at org.mule.config.builders.AutoConfigurationBuilder.doConfigure(AutoConfigurationBuilder.java:52) ~[mule-core-3.6.0.jar:3.6.0]
	at org.mule.config.builders.AbstractConfigurationBuilder.configure(AbstractConfigurationBuilder.java:43) ~[mule-core-3.6.0.jar:3.6.0]
	at org.mule.config.builders.AbstractResourceConfigurationBuilder.configure(AbstractResourceConfigurationBuilder.java:69) ~[mule-core-3.6.0.jar:3.6.0]
	at org.mule.context.DefaultMuleContextFactory$1.configure(DefaultMuleContextFactory.java:84) ~[mule-core-3.6.0.jar:3.6.0]
	at org.mule.context.DefaultMuleContextFactory.doCreateMuleContext(DefaultMuleContextFactory.java:217) ~[mule-core-3.6.0.jar:3.6.0]
	at org.mule.context.DefaultMuleContextFactory.createMuleContext(DefaultMuleContextFactory.java:76) ~[mule-core-3.6.0.jar:3.6.0]
	at org.mule.module.launcher.application.DefaultMuleApplication.init(DefaultMuleApplication.java:187) ~[mule-module-launcher-3.6.0.jar:3.6.0]
	at org.mule.module.launcher.artifact.ArtifactWrapper$2.execute(ArtifactWrapper.java:62) ~[mule-module-launcher-3.6.0.jar:3.6.0]
	at org.mule.module.launcher.artifact.ArtifactWrapper.executeWithinArtifactClassLoader(ArtifactWrapper.java:129) ~[mule-module-launcher-3.6.0.jar:3.6.0]
	at org.mule.module.launcher.artifact.ArtifactWrapper.init(ArtifactWrapper.java:57) ~[mule-module-launcher-3.6.0.jar:3.6.0]
	at org.mule.module.launcher.DefaultArtifactDeployer.deploy(DefaultArtifactDeployer.java:25) ~[mule-module-launcher-3.6.0.jar:3.6.0]
	at org.mule.module.launcher.DefaultArchiveDeployer.guardedDeploy(DefaultArchiveDeployer.java:310) ~[mule-module-launcher-3.6.0.jar:3.6.0]
	at org.mule.module.launcher.DefaultArchiveDeployer.deployArtifact(DefaultArchiveDeployer.java:330) ~[mule-module-launcher-3.6.0.jar:3.6.0]
	at org.mule.module.launcher.DefaultArchiveDeployer.deployPackagedArtifact(DefaultArchiveDeployer.java:155) ~[mule-module-launcher-3.6.0.jar:3.6.0]
	at org.mule.module.launcher.DefaultArchiveDeployer.deployPackagedArtifact(DefaultArchiveDeployer.java:256) ~[mule-module-launcher-3.6.0.jar:3.6.0]
	at org.mule.module.launcher.DefaultArchiveDeployer.deployPackagedArtifact(DefaultArchiveDeployer.java:78) ~[mule-module-launcher-3.6.0.jar:3.6.0]
	at org.mule.module.launcher.DeploymentDirectoryWatcher.deployPackedApps(DeploymentDirectoryWatcher.java:275) ~[mule-module-launcher-3.6.0.jar:3.6.0]
	at org.mule.module.launcher.DeploymentDirectoryWatcher.start(DeploymentDirectoryWatcher.java:150) ~[mule-module-launcher-3.6.0.jar:3.6.0]
	at org.mule.module.launcher.MuleDeploymentService.start(MuleDeploymentService.java:100) ~[mule-module-launcher-3.6.0.jar:3.6.0]
	at org.mule.module.launcher.MuleContainer.start(MuleContainer.java:152) ~[mule-module-launcher-3.6.0.jar:3.6.0]
	at org.mule.tooling.server.application.ApplicationDeployer.main(ApplicationDeployer.java:15) ~[tooling-support-3.6.0.jar:?]
INFO  2015-01-28 00:33:43,245 [main] org.mule.lifecycle.AbstractLifecycleManager: Disposing RegistryBroker
ERROR 2015-01-28 00:33:43,387 [main] org.mule.module.launcher.application.DefaultMuleApplication: null
org.xml.sax.SAXParseException: cvc-complex-type.2.4.a: Invalid content was found starting with element 'objectstore:config'. One of '{"http://www.springframework.org/schema/beans":beans, "http://www.springframework.org/schema/beans":bean, "http://www.springframework.org/schema/context":property-placeholder, "http://www.springframework.org/schema/beans":ref, "http://www.mulesoft.org/schema/mule/core":global-property, "http://www.mulesoft.org/schema/mule/core":configuration, "http://www.mulesoft.org/schema/mule/core":notifications, "http://www.mulesoft.org/schema/mule/core":abstract-extension, "http://www.mulesoft.org/schema/mule/core":abstract-shared-extension, "http://www.mulesoft.org/schema/mule/core":abstract-mixed-content-extension, "http://www.mulesoft.org/schema/mule/core":abstract-agent, "http://www.mulesoft.org/schema/mule/core":abstract-security-manager, "http://www.mulesoft.org/schema/mule/core":abstract-transaction-manager, "http://www.mulesoft.org/schema/mule/core":abstract-shared-transaction-manager, "http://www.mulesoft.org/schema/mule/core":abstract-connector, "http://www.mulesoft.org/schema/mule/core":abstract-shared-connector, "http://www.mulesoft.org/schema/mule/core":abstract-global-endpoint, "http://www.mulesoft.org/schema/mule/core":abstract-exception-strategy, "http://www.mulesoft.org/schema/mule/core":abstract-flow-construct, "http://www.mulesoft.org/schema/mule/core":flow, "http://www.mulesoft.org/schema/mule/core":sub-flow, "http://www.mulesoft.org/schema/mule/core":abstract-model, "http://www.mulesoft.org/schema/mule/core":abstract-interceptor-stack, "http://www.mulesoft.org/schema/mule/core":abstract-filter, "http://www.mulesoft.org/schema/mule/core":abstract-transformer, "http://www.mulesoft.org/schema/mule/core":processor-chain, "http://www.mulesoft.org/schema/mule/core":custom-processor, "http://www.mulesoft.org/schema/mule/core":abstract-empty-processor, "http://www.mulesoft.org/schema/mule/core":invoke, "http://www.mulesoft.org/schema/mule/core":abstract-global-intercepting-message-processor, "http://www.mulesoft.org/schema/mule/core":custom-queue-store, "http://www.mulesoft.org/schema/mule/core":abstract-processing-strategy}' is expected.
	at org.apache.xerces.util.ErrorHandlerWrapper.createSAXParseException(Unknown Source) ~[?:?]
	at org.apache.xerces.util.ErrorHandlerWrapper.error(Unknown Source) ~[?:?]
	at org.apache.xerces.impl.XMLErrorReporter.reportError(Unknown Source) ~[?:?]
	at org.apache.xerces.impl.XMLErrorReporter.reportError(Unknown Source) ~[?:?]
	at org.apache.xerces.impl.XMLErrorReporter.reportError(Unknown Source) ~[?:?]
	at org.apache.xerces.impl.xs.XMLSchemaValidator$XSIErrorReporter.reportError(Unknown Source) ~[?:?]
	at org.apache.xerces.impl.xs.XMLSchemaValidator.reportSchemaError(Unknown Source) ~[?:?]
	at org.apache.xerces.impl.xs.XMLSchemaValidator.handleStartElement(Unknown Source) ~[?:?]
	at org.apache.xerces.impl.xs.XMLSchemaValidator.emptyElement(Unknown Source) ~[?:?]
	at org.apache.xerces.impl.XMLNSDocumentScannerImpl.scanStartElement(Unknown Source) ~[?:?]
	at org.apache.xerces.impl.XMLDocumentFragmentScannerImpl$FragmentContentDispatcher.dispatch(Unknown Source) ~[?:?]
	at org.apache.xerces.impl.XMLDocumentFragmentScannerImpl.scanDocument(Unknown Source) ~[?:?]
	at org.apache.xerces.parsers.XML11Configuration.parse(Unknown Source) ~[?:?]
	at org.apache.xerces.parsers.XML11Configuration.parse(Unknown Source) ~[?:?]
	at org.apache.xerces.parsers.XMLParser.parse(Unknown Source) ~[?:?]
	at org.apache.xerces.parsers.DOMParser.parse(Unknown Source) ~[?:?]
	at org.apache.xerces.jaxp.DocumentBuilderImpl.parse(Unknown Source) ~[?:?]
	at org.springframework.beans.factory.xml.DefaultDocumentLoader.loadDocument(DefaultDocumentLoader.java:75) ~[spring-beans-3.2.10.RELEASE.jar:3.2.10.RELEASE]
	at org.springframework.beans.factory.xml.XmlBeanDefinitionReader.doLoadBeanDefinitions(XmlBeanDefinitionReader.java:388) ~[spring-beans-3.2.10.RELEASE.jar:3.2.10.RELEASE]
	at org.springframework.beans.factory.xml.XmlBeanDefinitionReader.loadBeanDefinitions(XmlBeanDefinitionReader.java:334) ~[spring-beans-3.2.10.RELEASE.jar:3.2.10.RELEASE]
	at org.springframework.beans.factory.xml.XmlBeanDefinitionReader.loadBeanDefinitions(XmlBeanDefinitionReader.java:302) ~[spring-beans-3.2.10.RELEASE.jar:3.2.10.RELEASE]
	at org.springframework.beans.factory.support.AbstractBeanDefinitionReader.loadBeanDefinitions(AbstractBeanDefinitionReader.java:174) ~[spring-beans-3.2.10.RELEASE.jar:3.2.10.RELEASE]
	at org.mule.config.spring.MuleArtifactContext.loadBeanDefinitions(MuleArtifactContext.java:106) ~[mule-module-spring-config-3.6.0.jar:3.6.0]
	at org.springframework.context.support.AbstractRefreshableApplicationContext.refreshBeanFactory(AbstractRefreshableApplicationContext.java:130) ~[spring-context-3.2.10.RELEASE.jar:3.2.10.RELEASE]
	at org.springframework.context.support.AbstractApplicationContext.obtainFreshBeanFactory(AbstractApplicationContext.java:537) ~[spring-context-3.2.10.RELEASE.jar:3.2.10.RELEASE]
	at org.springframework.context.support.AbstractApplicationContext.refresh(AbstractApplicationContext.java:451) ~[spring-context-3.2.10.RELEASE.jar:3.2.10.RELEASE]
	at org.mule.config.spring.SpringRegistry.doInitialise(SpringRegistry.java:86) ~[mule-module-spring-config-3.6.0.jar:3.6.0]
	at org.mule.registry.AbstractRegistry.initialise(AbstractRegistry.java:105) ~[mule-core-3.6.0.jar:3.6.0]
	at org.mule.config.spring.SpringXmlConfigurationBuilder.createSpringRegistry(SpringXmlConfigurationBuilder.java:135) ~[mule-module-spring-config-3.6.0.jar:3.6.0]
	at org.mule.config.spring.SpringXmlConfigurationBuilder.doConfigure(SpringXmlConfigurationBuilder.java:90) ~[mule-module-spring-config-3.6.0.jar:3.6.0]
	at org.mule.config.builders.AbstractConfigurationBuilder.configure(AbstractConfigurationBuilder.java:43) ~[mule-core-3.6.0.jar:3.6.0]
	at org.mule.config.builders.AbstractResourceConfigurationBuilder.configure(AbstractResourceConfigurationBuilder.java:69) ~[mule-core-3.6.0.jar:3.6.0]
	at org.mule.config.builders.AutoConfigurationBuilder.autoConfigure(AutoConfigurationBuilder.java:101) ~[mule-core-3.6.0.jar:3.6.0]
	at org.mule.config.builders.AutoConfigurationBuilder.doConfigure(AutoConfigurationBuilder.java:52) ~[mule-core-3.6.0.jar:3.6.0]
	at org.mule.config.builders.AbstractConfigurationBuilder.configure(AbstractConfigurationBuilder.java:43) ~[mule-core-3.6.0.jar:3.6.0]
	at org.mule.config.builders.AbstractResourceConfigurationBuilder.configure(AbstractResourceConfigurationBuilder.java:69) ~[mule-core-3.6.0.jar:3.6.0]
	at org.mule.context.DefaultMuleContextFactory$1.configure(DefaultMuleContextFactory.java:84) ~[mule-core-3.6.0.jar:3.6.0]
	at org.mule.context.DefaultMuleContextFactory.doCreateMuleContext(DefaultMuleContextFactory.java:217) ~[mule-core-3.6.0.jar:3.6.0]
	at org.mule.context.DefaultMuleContextFactory.createMuleContext(DefaultMuleContextFactory.java:76) ~[mule-core-3.6.0.jar:3.6.0]
	at org.mule.module.launcher.application.DefaultMuleApplication.init(DefaultMuleApplication.java:187) ~[mule-module-launcher-3.6.0.jar:3.6.0]
	at org.mule.module.launcher.artifact.ArtifactWrapper$2.execute(ArtifactWrapper.java:62) ~[mule-module-launcher-3.6.0.jar:3.6.0]
	at org.mule.module.launcher.artifact.ArtifactWrapper.executeWithinArtifactClassLoader(ArtifactWrapper.java:129) ~[mule-module-launcher-3.6.0.jar:3.6.0]
	at org.mule.module.launcher.artifact.ArtifactWrapper.init(ArtifactWrapper.java:57) ~[mule-module-launcher-3.6.0.jar:3.6.0]
	at org.mule.module.launcher.DefaultArtifactDeployer.deploy(DefaultArtifactDeployer.java:25) ~[mule-module-launcher-3.6.0.jar:3.6.0]
	at org.mule.module.launcher.DefaultArchiveDeployer.guardedDeploy(DefaultArchiveDeployer.java:310) ~[mule-module-launcher-3.6.0.jar:3.6.0]
	at org.mule.module.launcher.DefaultArchiveDeployer.deployArtifact(DefaultArchiveDeployer.java:330) ~[mule-module-launcher-3.6.0.jar:3.6.0]
	at org.mule.module.launcher.DefaultArchiveDeployer.deployPackagedArtifact(DefaultArchiveDeployer.java:155) ~[mule-module-launcher-3.6.0.jar:3.6.0]
	at org.mule.module.launcher.DefaultArchiveDeployer.deployPackagedArtifact(DefaultArchiveDeployer.java:256) ~[mule-module-launcher-3.6.0.jar:3.6.0]
	at org.mule.module.launcher.DefaultArchiveDeployer.deployPackagedArtifact(DefaultArchiveDeployer.java:78) ~[mule-module-launcher-3.6.0.jar:3.6.0]
	at org.mule.module.launcher.DeploymentDirectoryWatcher.deployPackedApps(DeploymentDirectoryWatcher.java:275) ~[mule-module-launcher-3.6.0.jar:3.6.0]
	at org.mule.module.launcher.DeploymentDirectoryWatcher.start(DeploymentDirectoryWatcher.java:150) ~[mule-module-launcher-3.6.0.jar:3.6.0]
	at org.mule.module.launcher.MuleDeploymentService.start(MuleDeploymentService.java:100) ~[mule-module-launcher-3.6.0.jar:3.6.0]
	at org.mule.module.launcher.MuleContainer.start(MuleContainer.java:152) ~[mule-module-launcher-3.6.0.jar:3.6.0]
	at org.mule.tooling.server.application.ApplicationDeployer.main(ApplicationDeployer.java:15) ~[tooling-support-3.6.0.jar:?]
INFO  2015-01-28 00:33:43,388 [main] org.mule.module.launcher.application.DefaultMuleApplication: App 'http-request-response-with-logger' never started, nothing to dispose of
INFO  2015-01-28 00:35:00,264 [main] org.mule.module.launcher.application.DefaultMuleApplication: 
++++++++++++++++++++++++++++++++++++++++++++++++++++++++++++
+ Initializing app 'http-request-response-with-logger'     +
++++++++++++++++++++++++++++++++++++++++++++++++++++++++++++
INFO  2015-01-28 00:35:00,450 [main] org.mule.lifecycle.AbstractLifecycleManager: Initialising RegistryBroker
INFO  2015-01-28 00:35:00,639 [main] org.mule.config.spring.MuleArtifactContext: Refreshing org.mule.config.spring.MuleArtifactContext@4eaa9f42: startup date [Wed Jan 28 00:35:00 EST 2015]; root of context hierarchy
WARN  2015-01-28 00:35:02,006 [main] org.springframework.beans.factory.xml.XmlBeanDefinitionReader: Ignored XML validation warning
org.xml.sax.SAXParseException: schema_reference.4: Failed to read schema document 'http://www.mulesoft.org/schema/mule/objectstore/current/mule-objectstore.xsd', because 1) could not find the document; 2) the document could not be read; 3) the root element of the document is not <xsd:schema>.
	at org.apache.xerces.util.ErrorHandlerWrapper.createSAXParseException(Unknown Source) ~[?:?]
	at org.apache.xerces.util.ErrorHandlerWrapper.warning(Unknown Source) ~[?:?]
	at org.apache.xerces.impl.XMLErrorReporter.reportError(Unknown Source) ~[?:?]
	at org.apache.xerces.impl.XMLErrorReporter.reportError(Unknown Source) ~[?:?]
	at org.apache.xerces.impl.XMLErrorReporter.reportError(Unknown Source) ~[?:?]
	at org.apache.xerces.impl.xs.traversers.XSDHandler.reportSchemaWarning(Unknown Source) ~[?:?]
	at org.apache.xerces.impl.xs.traversers.XSDHandler.getSchemaDocument(Unknown Source) ~[?:?]
	at org.apache.xerces.impl.xs.traversers.XSDHandler.parseSchema(Unknown Source) ~[?:?]
	at org.apache.xerces.impl.xs.XMLSchemaLoader.loadSchema(Unknown Source) ~[?:?]
	at org.apache.xerces.impl.xs.XMLSchemaValidator.findSchemaGrammar(Unknown Source) ~[?:?]
	at org.apache.xerces.impl.xs.XMLSchemaValidator.handleStartElement(Unknown Source) ~[?:?]
	at org.apache.xerces.impl.xs.XMLSchemaValidator.emptyElement(Unknown Source) ~[?:?]
	at org.apache.xerces.impl.XMLNSDocumentScannerImpl.scanStartElement(Unknown Source) ~[?:?]
	at org.apache.xerces.impl.XMLDocumentFragmentScannerImpl$FragmentContentDispatcher.dispatch(Unknown Source) ~[?:?]
	at org.apache.xerces.impl.XMLDocumentFragmentScannerImpl.scanDocument(Unknown Source) ~[?:?]
	at org.apache.xerces.parsers.XML11Configuration.parse(Unknown Source) ~[?:?]
	at org.apache.xerces.parsers.XML11Configuration.parse(Unknown Source) ~[?:?]
	at org.apache.xerces.parsers.XMLParser.parse(Unknown Source) ~[?:?]
	at org.apache.xerces.parsers.DOMParser.parse(Unknown Source) ~[?:?]
	at org.apache.xerces.jaxp.DocumentBuilderImpl.parse(Unknown Source) ~[?:?]
	at org.springframework.beans.factory.xml.DefaultDocumentLoader.loadDocument(DefaultDocumentLoader.java:75) ~[spring-beans-3.2.10.RELEASE.jar:3.2.10.RELEASE]
	at org.springframework.beans.factory.xml.XmlBeanDefinitionReader.doLoadBeanDefinitions(XmlBeanDefinitionReader.java:388) ~[spring-beans-3.2.10.RELEASE.jar:3.2.10.RELEASE]
	at org.springframework.beans.factory.xml.XmlBeanDefinitionReader.loadBeanDefinitions(XmlBeanDefinitionReader.java:334) ~[spring-beans-3.2.10.RELEASE.jar:3.2.10.RELEASE]
	at org.springframework.beans.factory.xml.XmlBeanDefinitionReader.loadBeanDefinitions(XmlBeanDefinitionReader.java:302) ~[spring-beans-3.2.10.RELEASE.jar:3.2.10.RELEASE]
	at org.springframework.beans.factory.support.AbstractBeanDefinitionReader.loadBeanDefinitions(AbstractBeanDefinitionReader.java:174) ~[spring-beans-3.2.10.RELEASE.jar:3.2.10.RELEASE]
	at org.mule.config.spring.MuleArtifactContext.loadBeanDefinitions(MuleArtifactContext.java:106) ~[mule-module-spring-config-3.6.0.jar:3.6.0]
	at org.springframework.context.support.AbstractRefreshableApplicationContext.refreshBeanFactory(AbstractRefreshableApplicationContext.java:130) ~[spring-context-3.2.10.RELEASE.jar:3.2.10.RELEASE]
	at org.springframework.context.support.AbstractApplicationContext.obtainFreshBeanFactory(AbstractApplicationContext.java:537) ~[spring-context-3.2.10.RELEASE.jar:3.2.10.RELEASE]
	at org.springframework.context.support.AbstractApplicationContext.refresh(AbstractApplicationContext.java:451) ~[spring-context-3.2.10.RELEASE.jar:3.2.10.RELEASE]
	at org.mule.config.spring.SpringRegistry.doInitialise(SpringRegistry.java:86) ~[mule-module-spring-config-3.6.0.jar:3.6.0]
	at org.mule.registry.AbstractRegistry.initialise(AbstractRegistry.java:105) ~[mule-core-3.6.0.jar:3.6.0]
	at org.mule.config.spring.SpringXmlConfigurationBuilder.createSpringRegistry(SpringXmlConfigurationBuilder.java:135) ~[mule-module-spring-config-3.6.0.jar:3.6.0]
	at org.mule.config.spring.SpringXmlConfigurationBuilder.doConfigure(SpringXmlConfigurationBuilder.java:90) ~[mule-module-spring-config-3.6.0.jar:3.6.0]
	at org.mule.config.builders.AbstractConfigurationBuilder.configure(AbstractConfigurationBuilder.java:43) ~[mule-core-3.6.0.jar:3.6.0]
	at org.mule.config.builders.AbstractResourceConfigurationBuilder.configure(AbstractResourceConfigurationBuilder.java:69) ~[mule-core-3.6.0.jar:3.6.0]
	at org.mule.config.builders.AutoConfigurationBuilder.autoConfigure(AutoConfigurationBuilder.java:101) ~[mule-core-3.6.0.jar:3.6.0]
	at org.mule.config.builders.AutoConfigurationBuilder.doConfigure(AutoConfigurationBuilder.java:52) ~[mule-core-3.6.0.jar:3.6.0]
	at org.mule.config.builders.AbstractConfigurationBuilder.configure(AbstractConfigurationBuilder.java:43) ~[mule-core-3.6.0.jar:3.6.0]
	at org.mule.config.builders.AbstractResourceConfigurationBuilder.configure(AbstractResourceConfigurationBuilder.java:69) ~[mule-core-3.6.0.jar:3.6.0]
	at org.mule.context.DefaultMuleContextFactory$1.configure(DefaultMuleContextFactory.java:84) ~[mule-core-3.6.0.jar:3.6.0]
	at org.mule.context.DefaultMuleContextFactory.doCreateMuleContext(DefaultMuleContextFactory.java:217) ~[mule-core-3.6.0.jar:3.6.0]
	at org.mule.context.DefaultMuleContextFactory.createMuleContext(DefaultMuleContextFactory.java:76) ~[mule-core-3.6.0.jar:3.6.0]
	at org.mule.module.launcher.application.DefaultMuleApplication.init(DefaultMuleApplication.java:187) ~[mule-module-launcher-3.6.0.jar:3.6.0]
	at org.mule.module.launcher.artifact.ArtifactWrapper$2.execute(ArtifactWrapper.java:62) ~[mule-module-launcher-3.6.0.jar:3.6.0]
	at org.mule.module.launcher.artifact.ArtifactWrapper.executeWithinArtifactClassLoader(ArtifactWrapper.java:129) ~[mule-module-launcher-3.6.0.jar:3.6.0]
	at org.mule.module.launcher.artifact.ArtifactWrapper.init(ArtifactWrapper.java:57) ~[mule-module-launcher-3.6.0.jar:3.6.0]
	at org.mule.module.launcher.DefaultArtifactDeployer.deploy(DefaultArtifactDeployer.java:25) ~[mule-module-launcher-3.6.0.jar:3.6.0]
	at org.mule.module.launcher.DefaultArchiveDeployer.guardedDeploy(DefaultArchiveDeployer.java:310) ~[mule-module-launcher-3.6.0.jar:3.6.0]
	at org.mule.module.launcher.DefaultArchiveDeployer.deployArtifact(DefaultArchiveDeployer.java:330) ~[mule-module-launcher-3.6.0.jar:3.6.0]
	at org.mule.module.launcher.DefaultArchiveDeployer.deployPackagedArtifact(DefaultArchiveDeployer.java:155) ~[mule-module-launcher-3.6.0.jar:3.6.0]
	at org.mule.module.launcher.DefaultArchiveDeployer.deployPackagedArtifact(DefaultArchiveDeployer.java:256) ~[mule-module-launcher-3.6.0.jar:3.6.0]
	at org.mule.module.launcher.DefaultArchiveDeployer.deployPackagedArtifact(DefaultArchiveDeployer.java:78) ~[mule-module-launcher-3.6.0.jar:3.6.0]
	at org.mule.module.launcher.DeploymentDirectoryWatcher.deployPackedApps(DeploymentDirectoryWatcher.java:275) ~[mule-module-launcher-3.6.0.jar:3.6.0]
	at org.mule.module.launcher.DeploymentDirectoryWatcher.start(DeploymentDirectoryWatcher.java:150) ~[mule-module-launcher-3.6.0.jar:3.6.0]
	at org.mule.module.launcher.MuleDeploymentService.start(MuleDeploymentService.java:100) ~[mule-module-launcher-3.6.0.jar:3.6.0]
	at org.mule.module.launcher.MuleContainer.start(MuleContainer.java:152) ~[mule-module-launcher-3.6.0.jar:3.6.0]
	at org.mule.tooling.server.application.ApplicationDeployer.main(ApplicationDeployer.java:15) ~[tooling-support-3.6.0.jar:?]
INFO  2015-01-28 00:35:02,023 [main] org.mule.lifecycle.AbstractLifecycleManager: Disposing RegistryBroker
ERROR 2015-01-28 00:35:02,094 [main] org.mule.module.launcher.application.DefaultMuleApplication: null
org.xml.sax.SAXParseException: cvc-complex-type.2.4.a: Invalid content was found starting with element 'objectstore:config'. One of '{"http://www.springframework.org/schema/beans":beans, "http://www.springframework.org/schema/beans":bean, "http://www.springframework.org/schema/context":property-placeholder, "http://www.springframework.org/schema/beans":ref, "http://www.mulesoft.org/schema/mule/core":global-property, "http://www.mulesoft.org/schema/mule/core":configuration, "http://www.mulesoft.org/schema/mule/core":notifications, "http://www.mulesoft.org/schema/mule/core":abstract-extension, "http://www.mulesoft.org/schema/mule/core":abstract-shared-extension, "http://www.mulesoft.org/schema/mule/core":abstract-mixed-content-extension, "http://www.mulesoft.org/schema/mule/core":abstract-agent, "http://www.mulesoft.org/schema/mule/core":abstract-security-manager, "http://www.mulesoft.org/schema/mule/core":abstract-transaction-manager, "http://www.mulesoft.org/schema/mule/core":abstract-shared-transaction-manager, "http://www.mulesoft.org/schema/mule/core":abstract-connector, "http://www.mulesoft.org/schema/mule/core":abstract-shared-connector, "http://www.mulesoft.org/schema/mule/core":abstract-global-endpoint, "http://www.mulesoft.org/schema/mule/core":abstract-exception-strategy, "http://www.mulesoft.org/schema/mule/core":abstract-flow-construct, "http://www.mulesoft.org/schema/mule/core":flow, "http://www.mulesoft.org/schema/mule/core":sub-flow, "http://www.mulesoft.org/schema/mule/core":abstract-model, "http://www.mulesoft.org/schema/mule/core":abstract-interceptor-stack, "http://www.mulesoft.org/schema/mule/core":abstract-filter, "http://www.mulesoft.org/schema/mule/core":abstract-transformer, "http://www.mulesoft.org/schema/mule/core":processor-chain, "http://www.mulesoft.org/schema/mule/core":custom-processor, "http://www.mulesoft.org/schema/mule/core":abstract-empty-processor, "http://www.mulesoft.org/schema/mule/core":invoke, "http://www.mulesoft.org/schema/mule/core":abstract-global-intercepting-message-processor, "http://www.mulesoft.org/schema/mule/core":custom-queue-store, "http://www.mulesoft.org/schema/mule/core":abstract-processing-strategy}' is expected.
	at org.apache.xerces.util.ErrorHandlerWrapper.createSAXParseException(Unknown Source) ~[?:?]
	at org.apache.xerces.util.ErrorHandlerWrapper.error(Unknown Source) ~[?:?]
	at org.apache.xerces.impl.XMLErrorReporter.reportError(Unknown Source) ~[?:?]
	at org.apache.xerces.impl.XMLErrorReporter.reportError(Unknown Source) ~[?:?]
	at org.apache.xerces.impl.XMLErrorReporter.reportError(Unknown Source) ~[?:?]
	at org.apache.xerces.impl.xs.XMLSchemaValidator$XSIErrorReporter.reportError(Unknown Source) ~[?:?]
	at org.apache.xerces.impl.xs.XMLSchemaValidator.reportSchemaError(Unknown Source) ~[?:?]
	at org.apache.xerces.impl.xs.XMLSchemaValidator.handleStartElement(Unknown Source) ~[?:?]
	at org.apache.xerces.impl.xs.XMLSchemaValidator.emptyElement(Unknown Source) ~[?:?]
	at org.apache.xerces.impl.XMLNSDocumentScannerImpl.scanStartElement(Unknown Source) ~[?:?]
	at org.apache.xerces.impl.XMLDocumentFragmentScannerImpl$FragmentContentDispatcher.dispatch(Unknown Source) ~[?:?]
	at org.apache.xerces.impl.XMLDocumentFragmentScannerImpl.scanDocument(Unknown Source) ~[?:?]
	at org.apache.xerces.parsers.XML11Configuration.parse(Unknown Source) ~[?:?]
	at org.apache.xerces.parsers.XML11Configuration.parse(Unknown Source) ~[?:?]
	at org.apache.xerces.parsers.XMLParser.parse(Unknown Source) ~[?:?]
	at org.apache.xerces.parsers.DOMParser.parse(Unknown Source) ~[?:?]
	at org.apache.xerces.jaxp.DocumentBuilderImpl.parse(Unknown Source) ~[?:?]
	at org.springframework.beans.factory.xml.DefaultDocumentLoader.loadDocument(DefaultDocumentLoader.java:75) ~[spring-beans-3.2.10.RELEASE.jar:3.2.10.RELEASE]
	at org.springframework.beans.factory.xml.XmlBeanDefinitionReader.doLoadBeanDefinitions(XmlBeanDefinitionReader.java:388) ~[spring-beans-3.2.10.RELEASE.jar:3.2.10.RELEASE]
	at org.springframework.beans.factory.xml.XmlBeanDefinitionReader.loadBeanDefinitions(XmlBeanDefinitionReader.java:334) ~[spring-beans-3.2.10.RELEASE.jar:3.2.10.RELEASE]
	at org.springframework.beans.factory.xml.XmlBeanDefinitionReader.loadBeanDefinitions(XmlBeanDefinitionReader.java:302) ~[spring-beans-3.2.10.RELEASE.jar:3.2.10.RELEASE]
	at org.springframework.beans.factory.support.AbstractBeanDefinitionReader.loadBeanDefinitions(AbstractBeanDefinitionReader.java:174) ~[spring-beans-3.2.10.RELEASE.jar:3.2.10.RELEASE]
	at org.mule.config.spring.MuleArtifactContext.loadBeanDefinitions(MuleArtifactContext.java:106) ~[mule-module-spring-config-3.6.0.jar:3.6.0]
	at org.springframework.context.support.AbstractRefreshableApplicationContext.refreshBeanFactory(AbstractRefreshableApplicationContext.java:130) ~[spring-context-3.2.10.RELEASE.jar:3.2.10.RELEASE]
	at org.springframework.context.support.AbstractApplicationContext.obtainFreshBeanFactory(AbstractApplicationContext.java:537) ~[spring-context-3.2.10.RELEASE.jar:3.2.10.RELEASE]
	at org.springframework.context.support.AbstractApplicationContext.refresh(AbstractApplicationContext.java:451) ~[spring-context-3.2.10.RELEASE.jar:3.2.10.RELEASE]
	at org.mule.config.spring.SpringRegistry.doInitialise(SpringRegistry.java:86) ~[mule-module-spring-config-3.6.0.jar:3.6.0]
	at org.mule.registry.AbstractRegistry.initialise(AbstractRegistry.java:105) ~[mule-core-3.6.0.jar:3.6.0]
	at org.mule.config.spring.SpringXmlConfigurationBuilder.createSpringRegistry(SpringXmlConfigurationBuilder.java:135) ~[mule-module-spring-config-3.6.0.jar:3.6.0]
	at org.mule.config.spring.SpringXmlConfigurationBuilder.doConfigure(SpringXmlConfigurationBuilder.java:90) ~[mule-module-spring-config-3.6.0.jar:3.6.0]
	at org.mule.config.builders.AbstractConfigurationBuilder.configure(AbstractConfigurationBuilder.java:43) ~[mule-core-3.6.0.jar:3.6.0]
	at org.mule.config.builders.AbstractResourceConfigurationBuilder.configure(AbstractResourceConfigurationBuilder.java:69) ~[mule-core-3.6.0.jar:3.6.0]
	at org.mule.config.builders.AutoConfigurationBuilder.autoConfigure(AutoConfigurationBuilder.java:101) ~[mule-core-3.6.0.jar:3.6.0]
	at org.mule.config.builders.AutoConfigurationBuilder.doConfigure(AutoConfigurationBuilder.java:52) ~[mule-core-3.6.0.jar:3.6.0]
	at org.mule.config.builders.AbstractConfigurationBuilder.configure(AbstractConfigurationBuilder.java:43) ~[mule-core-3.6.0.jar:3.6.0]
	at org.mule.config.builders.AbstractResourceConfigurationBuilder.configure(AbstractResourceConfigurationBuilder.java:69) ~[mule-core-3.6.0.jar:3.6.0]
	at org.mule.context.DefaultMuleContextFactory$1.configure(DefaultMuleContextFactory.java:84) ~[mule-core-3.6.0.jar:3.6.0]
	at org.mule.context.DefaultMuleContextFactory.doCreateMuleContext(DefaultMuleContextFactory.java:217) ~[mule-core-3.6.0.jar:3.6.0]
	at org.mule.context.DefaultMuleContextFactory.createMuleContext(DefaultMuleContextFactory.java:76) ~[mule-core-3.6.0.jar:3.6.0]
	at org.mule.module.launcher.application.DefaultMuleApplication.init(DefaultMuleApplication.java:187) ~[mule-module-launcher-3.6.0.jar:3.6.0]
	at org.mule.module.launcher.artifact.ArtifactWrapper$2.execute(ArtifactWrapper.java:62) ~[mule-module-launcher-3.6.0.jar:3.6.0]
	at org.mule.module.launcher.artifact.ArtifactWrapper.executeWithinArtifactClassLoader(ArtifactWrapper.java:129) ~[mule-module-launcher-3.6.0.jar:3.6.0]
	at org.mule.module.launcher.artifact.ArtifactWrapper.init(ArtifactWrapper.java:57) ~[mule-module-launcher-3.6.0.jar:3.6.0]
	at org.mule.module.launcher.DefaultArtifactDeployer.deploy(DefaultArtifactDeployer.java:25) ~[mule-module-launcher-3.6.0.jar:3.6.0]
	at org.mule.module.launcher.DefaultArchiveDeployer.guardedDeploy(DefaultArchiveDeployer.java:310) ~[mule-module-launcher-3.6.0.jar:3.6.0]
	at org.mule.module.launcher.DefaultArchiveDeployer.deployArtifact(DefaultArchiveDeployer.java:330) ~[mule-module-launcher-3.6.0.jar:3.6.0]
	at org.mule.module.launcher.DefaultArchiveDeployer.deployPackagedArtifact(DefaultArchiveDeployer.java:155) ~[mule-module-launcher-3.6.0.jar:3.6.0]
	at org.mule.module.launcher.DefaultArchiveDeployer.deployPackagedArtifact(DefaultArchiveDeployer.java:256) ~[mule-module-launcher-3.6.0.jar:3.6.0]
	at org.mule.module.launcher.DefaultArchiveDeployer.deployPackagedArtifact(DefaultArchiveDeployer.java:78) ~[mule-module-launcher-3.6.0.jar:3.6.0]
	at org.mule.module.launcher.DeploymentDirectoryWatcher.deployPackedApps(DeploymentDirectoryWatcher.java:275) ~[mule-module-launcher-3.6.0.jar:3.6.0]
	at org.mule.module.launcher.DeploymentDirectoryWatcher.start(DeploymentDirectoryWatcher.java:150) ~[mule-module-launcher-3.6.0.jar:3.6.0]
	at org.mule.module.launcher.MuleDeploymentService.start(MuleDeploymentService.java:100) ~[mule-module-launcher-3.6.0.jar:3.6.0]
	at org.mule.module.launcher.MuleContainer.start(MuleContainer.java:152) ~[mule-module-launcher-3.6.0.jar:3.6.0]
	at org.mule.tooling.server.application.ApplicationDeployer.main(ApplicationDeployer.java:15) ~[tooling-support-3.6.0.jar:?]
INFO  2015-01-28 00:35:02,095 [main] org.mule.module.launcher.application.DefaultMuleApplication: App 'http-request-response-with-logger' never started, nothing to dispose of
